#-----------------------------------------------------------
# Vivado v2024.2 (64-bit)
# SW Build 5239630 on Fri Nov 08 22:34:34 MST 2024
# IP Build 5239520 on Sun Nov 10 16:12:51 MST 2024
# SharedData Build 5239561 on Fri Nov 08 14:39:27 MST 2024
# Start of session at: Wed Apr 15 19:03:39 2026
# Process ID         : 3026198
# Current directory  : /afs/andrew.cmu.edu/usr21/eqian/private/18240/Lab5
# Command line       : vivado
# Log file           : /afs/andrew.cmu.edu/usr21/eqian/private/18240/Lab5/vivado.log
# Journal file       : /afs/andrew.cmu.edu/usr21/eqian/private/18240/Lab5/vivado.jou
# Running On         : hh-1305-02.lan.local.cmu.edu
# Platform           : RedHatEnterprise
# Operating System   : Red Hat Enterprise Linux release 8.10 (Ootpa)
# Processor Detail   : 12th Gen Intel(R) Core(TM) i7-12700
# CPU Frequency      : 2100.000 MHz
# CPU Physical cores : 12
# CPU Logical cores  : 20
# Host memory        : 33109 MB
# Swap memory        : 17179 MB
# Total Virtual      : 50289 MB
# Available Virtual  : 41573 MB
#-----------------------------------------------------------
start_gui
WARNING: [Board 49-26] cannot add Board Part xilinx.com:vek280_es:part0:1.0 available at /afs/ece.cmu.edu/support/xilinx/xilinx.release/Vivado-2024.2/Vivado/2024.2/data/xhub/boards/XilinxBoardStore/boards/Xilinx/vek280/es/rev_a/1.0/board.xml as part xcve2802-vsvh1760-2lp-e-s-es1 specified in board_part file is either invalid or not available
WARNING: [Board 49-26] cannot add Board Part xilinx.com:vek280_es:part0:1.1 available at /afs/ece.cmu.edu/support/xilinx/xilinx.release/Vivado-2024.2/Vivado/2024.2/data/xhub/boards/XilinxBoardStore/boards/Xilinx/vek280/es/rev_a/1.1/board.xml as part xcve2802-vsvh1760-2lp-e-s-es1 specified in board_part file is either invalid or not available
WARNING: [Board 49-26] cannot add Board Part xilinx.com:vek280_es_revb:part0:1.0 available at /afs/ece.cmu.edu/support/xilinx/xilinx.release/Vivado-2024.2/Vivado/2024.2/data/xhub/boards/XilinxBoardStore/boards/Xilinx/vek280/es/rev_b/1.0/board.xml as part xcve2802-vsvh1760-2mp-e-s-es1 specified in board_part file is either invalid or not available
WARNING: [Board 49-26] cannot add Board Part xilinx.com:vek280_es_revb:part0:1.1 available at /afs/ece.cmu.edu/support/xilinx/xilinx.release/Vivado-2024.2/Vivado/2024.2/data/xhub/boards/XilinxBoardStore/boards/Xilinx/vek280/es/rev_b/1.1/board.xml as part xcve2802-vsvh1760-2mp-e-s-es1 specified in board_part file is either invalid or not available
WARNING: [Board 49-26] cannot add Board Part xilinx.com:zcu208ld:part0:2.0 available at /afs/ece.cmu.edu/support/xilinx/xilinx.release/Vivado-2024.2/Vivado/2024.2/data/xhub/boards/XilinxBoardStore/boards/Xilinx/zcu208ld/production/2.0/board.xml as part xczu58dr-fsvg1517-2-i specified in board_part file is either invalid or not available
WARNING: [Board 49-26] cannot add Board Part xilinx.com:zcu216ld:part0:2.0 available at /afs/ece.cmu.edu/support/xilinx/xilinx.release/Vivado-2024.2/Vivado/2024.2/data/xhub/boards/XilinxBoardStore/boards/Xilinx/zcu216ld/production/2.0/board.xml as part xczu59dr-ffvf1760-2-i specified in board_part file is either invalid or not available
WARNING: [Board 49-26] cannot add Board Part xilinx.com:zcu670ld:part0:1.0 available at /afs/ece.cmu.edu/support/xilinx/xilinx.release/Vivado-2024.2/Vivado/2024.2/data/xhub/boards/XilinxBoardStore/boards/Xilinx/zcu670ld/1.0/board.xml as part xczu57dr-fsve1156-2-i specified in board_part file is either invalid or not available
WARNING: [Board 49-26] cannot add Board Part xilinx.com:vek280_es:part0:1.0 available at /afs/ece.cmu.edu/support/xilinx/xilinx.release/Vivado-2024.2/Vivado/2024.2/data/xhub/boards/XilinxBoardStore/boards/Xilinx/vek280/es/rev_a/1.0/board.xml as part xcve2802-vsvh1760-2lp-e-s-es1 specified in board_part file is either invalid or not available
WARNING: [Board 49-26] cannot add Board Part xilinx.com:vek280_es:part0:1.1 available at /afs/ece.cmu.edu/support/xilinx/xilinx.release/Vivado-2024.2/Vivado/2024.2/data/xhub/boards/XilinxBoardStore/boards/Xilinx/vek280/es/rev_a/1.1/board.xml as part xcve2802-vsvh1760-2lp-e-s-es1 specified in board_part file is either invalid or not available
WARNING: [Board 49-26] cannot add Board Part xilinx.com:vek280_es_revb:part0:1.0 available at /afs/ece.cmu.edu/support/xilinx/xilinx.release/Vivado-2024.2/Vivado/2024.2/data/xhub/boards/XilinxBoardStore/boards/Xilinx/vek280/es/rev_b/1.0/board.xml as part xcve2802-vsvh1760-2mp-e-s-es1 specified in board_part file is either invalid or not available
WARNING: [Board 49-26] cannot add Board Part xilinx.com:vek280_es_revb:part0:1.1 available at /afs/ece.cmu.edu/support/xilinx/xilinx.release/Vivado-2024.2/Vivado/2024.2/data/xhub/boards/XilinxBoardStore/boards/Xilinx/vek280/es/rev_b/1.1/board.xml as part xcve2802-vsvh1760-2mp-e-s-es1 specified in board_part file is either invalid or not available
WARNING: [Board 49-26] cannot add Board Part xilinx.com:zcu208ld:part0:2.0 available at /afs/ece.cmu.edu/support/xilinx/xilinx.release/Vivado-2024.2/Vivado/2024.2/data/xhub/boards/XilinxBoardStore/boards/Xilinx/zcu208ld/production/2.0/board.xml as part xczu58dr-fsvg1517-2-i specified in board_part file is either invalid or not available
WARNING: [Board 49-26] cannot add Board Part xilinx.com:zcu216ld:part0:2.0 available at /afs/ece.cmu.edu/support/xilinx/xilinx.release/Vivado-2024.2/Vivado/2024.2/data/xhub/boards/XilinxBoardStore/boards/Xilinx/zcu216ld/production/2.0/board.xml as part xczu59dr-ffvf1760-2-i specified in board_part file is either invalid or not available
WARNING: [Board 49-26] cannot add Board Part xilinx.com:zcu670ld:part0:1.0 available at /afs/ece.cmu.edu/support/xilinx/xilinx.release/Vivado-2024.2/Vivado/2024.2/data/xhub/boards/XilinxBoardStore/boards/Xilinx/zcu670ld/1.0/board.xml as part xczu57dr-fsve1156-2-i specified in board_part file is either invalid or not available
WARNING: [Board 49-26] cannot add Board Part xilinx.com:vek280_es:part0:1.0 available at /afs/ece.cmu.edu/support/xilinx/xilinx.release/Vivado-2024.2/Vivado/2024.2/data/xhub/boards/XilinxBoardStore/boards/Xilinx/vek280/es/rev_a/1.0/board.xml as part xcve2802-vsvh1760-2lp-e-s-es1 specified in board_part file is either invalid or not available
WARNING: [Board 49-26] cannot add Board Part xilinx.com:vek280_es:part0:1.1 available at /afs/ece.cmu.edu/support/xilinx/xilinx.release/Vivado-2024.2/Vivado/2024.2/data/xhub/boards/XilinxBoardStore/boards/Xilinx/vek280/es/rev_a/1.1/board.xml as part xcve2802-vsvh1760-2lp-e-s-es1 specified in board_part file is either invalid or not available
WARNING: [Board 49-26] cannot add Board Part xilinx.com:vek280_es_revb:part0:1.0 available at /afs/ece.cmu.edu/support/xilinx/xilinx.release/Vivado-2024.2/Vivado/2024.2/data/xhub/boards/XilinxBoardStore/boards/Xilinx/vek280/es/rev_b/1.0/board.xml as part xcve2802-vsvh1760-2mp-e-s-es1 specified in board_part file is either invalid or not available
WARNING: [Board 49-26] cannot add Board Part xilinx.com:vek280_es_revb:part0:1.1 available at /afs/ece.cmu.edu/support/xilinx/xilinx.release/Vivado-2024.2/Vivado/2024.2/data/xhub/boards/XilinxBoardStore/boards/Xilinx/vek280/es/rev_b/1.1/board.xml as part xcve2802-vsvh1760-2mp-e-s-es1 specified in board_part file is either invalid or not available
WARNING: [Board 49-26] cannot add Board Part xilinx.com:zcu208ld:part0:2.0 available at /afs/ece.cmu.edu/support/xilinx/xilinx.release/Vivado-2024.2/Vivado/2024.2/data/xhub/boards/XilinxBoardStore/boards/Xilinx/zcu208ld/production/2.0/board.xml as part xczu58dr-fsvg1517-2-i specified in board_part file is either invalid or not available
WARNING: [Board 49-26] cannot add Board Part xilinx.com:zcu216ld:part0:2.0 available at /afs/ece.cmu.edu/support/xilinx/xilinx.release/Vivado-2024.2/Vivado/2024.2/data/xhub/boards/XilinxBoardStore/boards/Xilinx/zcu216ld/production/2.0/board.xml as part xczu59dr-ffvf1760-2-i specified in board_part file is either invalid or not available
WARNING: [Board 49-26] cannot add Board Part xilinx.com:zcu670ld:part0:1.0 available at /afs/ece.cmu.edu/support/xilinx/xilinx.release/Vivado-2024.2/Vivado/2024.2/data/xhub/boards/XilinxBoardStore/boards/Xilinx/zcu670ld/1.0/board.xml as part xczu57dr-fsve1156-2-i specified in board_part file is either invalid or not available
WARNING: [Board 49-26] cannot add Board Part xilinx.com:vek280_es:part0:1.1 available at /afs/ece.cmu.edu/support/xilinx/xilinx.release/Vivado-2024.2/Vivado/2024.2/data/xhub/boards/XilinxBoardStore/boards/Xilinx/vek280/es/rev_a/1.1/board.xml as part xcve2802-vsvh1760-2lp-e-s-es1 specified in board_part file is either invalid or not available
WARNING: [Board 49-26] cannot add Board Part xilinx.com:vek280_es_revb:part0:1.1 available at /afs/ece.cmu.edu/support/xilinx/xilinx.release/Vivado-2024.2/Vivado/2024.2/data/xhub/boards/XilinxBoardStore/boards/Xilinx/vek280/es/rev_b/1.1/board.xml as part xcve2802-vsvh1760-2mp-e-s-es1 specified in board_part file is either invalid or not available
WARNING: [Board 49-26] cannot add Board Part xilinx.com:zcu208ld:part0:2.0 available at /afs/ece.cmu.edu/support/xilinx/xilinx.release/Vivado-2024.2/Vivado/2024.2/data/xhub/boards/XilinxBoardStore/boards/Xilinx/zcu208ld/production/2.0/board.xml as part xczu58dr-fsvg1517-2-i specified in board_part file is either invalid or not available
WARNING: [Board 49-26] cannot add Board Part xilinx.com:zcu216ld:part0:2.0 available at /afs/ece.cmu.edu/support/xilinx/xilinx.release/Vivado-2024.2/Vivado/2024.2/data/xhub/boards/XilinxBoardStore/boards/Xilinx/zcu216ld/production/2.0/board.xml as part xczu59dr-ffvf1760-2-i specified in board_part file is either invalid or not available
WARNING: [Board 49-26] cannot add Board Part xilinx.com:zcu670ld:part0:1.0 available at /afs/ece.cmu.edu/support/xilinx/xilinx.release/Vivado-2024.2/Vivado/2024.2/data/xhub/boards/XilinxBoardStore/boards/Xilinx/zcu670ld/1.0/board.xml as part xczu57dr-fsve1156-2-i specified in board_part file is either invalid or not available
create_project Lab5_project1 /afs/andrew.cmu.edu/usr21/eqian/private/18240/Lab5/Lab5_project1 -part xc7s50csga324-1
INFO: [IP_Flow 19-234] Refreshing IP repositories
INFO: [IP_Flow 19-1704] No user IP repositories specified
INFO: [IP_Flow 19-2313] Loaded Vivado IP repository '/afs/ece.cmu.edu/support/xilinx/xilinx.release/Vivado-2024.2/Vivado/2024.2/data/ip'.
create_project: Time (s): cpu = 00:00:43 ; elapsed = 00:00:38 . Memory (MB): peak = 8044.234 ; gain = 182.023 ; free physical = 2835 ; free virtual = 37912
add_files -norecurse {/afs/andrew.cmu.edu/usr21/eqian/private/18240/Lab5/constants.sv /afs/andrew.cmu.edu/usr21/eqian/private/18240/Lab5/SSegDisplayDriver.sv /afs/andrew.cmu.edu/usr21/eqian/private/18240/Lab5/alu.sv /afs/andrew.cmu.edu/usr21/eqian/private/18240/Lab5/library.sv /afs/andrew.cmu.edu/usr21/eqian/private/18240/Lab5/controlpath.sv /afs/andrew.cmu.edu/usr21/eqian/private/18240/Lab5/memory.sv /afs/andrew.cmu.edu/usr21/eqian/private/18240/Lab5/RISC240.sv /afs/andrew.cmu.edu/usr21/eqian/private/18240/Lab5/Multiplier.sv /afs/andrew.cmu.edu/usr21/eqian/private/18240/Lab5/datapath.sv /afs/andrew.cmu.edu/usr21/eqian/private/18240/Lab5/regfile.sv}
add_files -fileset constrs_1 -norecurse /afs/andrew.cmu.edu/usr21/eqian/private/18240/Lab5/RISC240.xdc
update_compile_order -fileset sources_1
update_compile_order -fileset sources_1
WARNING: [IP_Flow 19-4067] Ignoring invalid widget type specified checkbox.Providing a default widget
WARNING: [IP_Flow 19-4067] Ignoring invalid widget type specified checkbox.Providing a default widget
INFO: [IP_Flow 19-3484] Absolute path of file '/afs/andrew.cmu.edu/usr21/eqian/private/18240/Lab5/memory.coe' provided. It will be converted relative to IP Instance files '../../../../memory.coe'
create_ip -name blk_mem_gen -vendor xilinx.com -library ip -version 8.4 -module_name blk_mem_gen_0
set_property -dict [list \
  CONFIG.Coe_File {/afs/andrew.cmu.edu/usr21/eqian/private/18240/Lab5/memory.coe} \
  CONFIG.Load_Init_File {true} \
  CONFIG.Write_Depth_A {65536} \
] [get_ips blk_mem_gen_0]
INFO: [IP_Flow 19-3484] Absolute path of file '/afs/andrew.cmu.edu/usr21/eqian/private/18240/Lab5/memory.coe' provided. It will be converted relative to IP Instance files '../../../../../memory.coe'
generate_target {instantiation_template} [get_files /afs/andrew.cmu.edu/usr21/eqian/private/18240/Lab5/Lab5_project1/Lab5_project1.srcs/sources_1/ip/blk_mem_gen_0/blk_mem_gen_0.xci]
INFO: [IP_Flow 19-1686] Generating 'Instantiation Template' target for IP 'blk_mem_gen_0'...
update_compile_order -fileset sources_1
generate_target all [get_files  /afs/andrew.cmu.edu/usr21/eqian/private/18240/Lab5/Lab5_project1/Lab5_project1.srcs/sources_1/ip/blk_mem_gen_0/blk_mem_gen_0.xci]
INFO: [IP_Flow 19-1686] Generating 'Synthesis' target for IP 'blk_mem_gen_0'...
INFO: [IP_Flow 19-1686] Generating 'Simulation' target for IP 'blk_mem_gen_0'...
INFO: [IP_Flow 19-1686] Generating 'Miscellaneous' target for IP 'blk_mem_gen_0'...
INFO: [IP_Flow 19-1686] Generating 'Change Log' target for IP 'blk_mem_gen_0'...
generate_target: Time (s): cpu = 00:00:08 ; elapsed = 00:00:13 . Memory (MB): peak = 8177.977 ; gain = 0.000 ; free physical = 2653 ; free virtual = 37819
catch { config_ip_cache -export [get_ips -all blk_mem_gen_0] }
INFO: [IP_Flow 19-6924] IPCACHE: Running cache check for IP inst: blk_mem_gen_0
export_ip_user_files -of_objects [get_files /afs/andrew.cmu.edu/usr21/eqian/private/18240/Lab5/Lab5_project1/Lab5_project1.srcs/sources_1/ip/blk_mem_gen_0/blk_mem_gen_0.xci] -no_script -sync -force -quiet
create_ip_run [get_files -of_objects [get_fileset sources_1] /afs/andrew.cmu.edu/usr21/eqian/private/18240/Lab5/Lab5_project1/Lab5_project1.srcs/sources_1/ip/blk_mem_gen_0/blk_mem_gen_0.xci]
launch_runs blk_mem_gen_0_synth_1 -jobs 20
INFO: [IP_Flow 19-6924] IPCACHE: Running cache check for IP inst: blk_mem_gen_0
[Wed Apr 15 19:27:11 2026] Launched blk_mem_gen_0_synth_1...
Run output will be captured here: /afs/andrew.cmu.edu/usr21/eqian/private/18240/Lab5/Lab5_project1/Lab5_project1.runs/blk_mem_gen_0_synth_1/runme.log
export_simulation -lib_map_path [list {modelsim=/afs/andrew.cmu.edu/usr21/eqian/private/18240/Lab5/Lab5_project1/Lab5_project1.cache/compile_simlib/modelsim} {questa=/afs/andrew.cmu.edu/usr21/eqian/private/18240/Lab5/Lab5_project1/Lab5_project1.cache/compile_simlib/questa} {xcelium=/afs/andrew.cmu.edu/usr21/eqian/private/18240/Lab5/Lab5_project1/Lab5_project1.cache/compile_simlib/xcelium} {vcs=/afs/andrew.cmu.edu/usr21/eqian/private/18240/Lab5/Lab5_project1/Lab5_project1.cache/compile_simlib/vcs} {riviera=/afs/andrew.cmu.edu/usr21/eqian/private/18240/Lab5/Lab5_project1/Lab5_project1.cache/compile_simlib/riviera}] -of_objects [get_files /afs/andrew.cmu.edu/usr21/eqian/private/18240/Lab5/Lab5_project1/Lab5_project1.srcs/sources_1/ip/blk_mem_gen_0/blk_mem_gen_0.xci] -directory /afs/andrew.cmu.edu/usr21/eqian/private/18240/Lab5/Lab5_project1/Lab5_project1.ip_user_files/sim_scripts -ip_user_files_dir /afs/andrew.cmu.edu/usr21/eqian/private/18240/Lab5/Lab5_project1/Lab5_project1.ip_user_files -ipstatic_source_dir /afs/andrew.cmu.edu/usr21/eqian/private/18240/Lab5/Lab5_project1/Lab5_project1.ip_user_files/ipstatic -use_ip_compiled_libs -force -quiet
create_ip -name dist_mem_gen -vendor xilinx.com -library ip -version 8.0 -module_name dist_mem_gen_0
set_property -dict [list \
  CONFIG.coefficient_file {/afs/andrew.cmu.edu/usr21/eqian/private/18240/Lab5/memory.coe} \
  CONFIG.depth {16384} \
] [get_ips dist_mem_gen_0]
INFO: [IP_Flow 19-3484] Absolute path of file '/afs/andrew.cmu.edu/usr21/eqian/private/18240/Lab5/memory.coe' provided. It will be converted relative to IP Instance files '../../../../../memory.coe'
generate_target {instantiation_template} [get_files /afs/andrew.cmu.edu/usr21/eqian/private/18240/Lab5/Lab5_project1/Lab5_project1.srcs/sources_1/ip/dist_mem_gen_0/dist_mem_gen_0.xci]
INFO: [IP_Flow 19-1686] Generating 'Instantiation Template' target for IP 'dist_mem_gen_0'...
update_compile_order -fileset sources_1
set_property generate_synth_checkpoint false [get_files  /afs/andrew.cmu.edu/usr21/eqian/private/18240/Lab5/Lab5_project1/Lab5_project1.srcs/sources_1/ip/dist_mem_gen_0/dist_mem_gen_0.xci]
generate_target all [get_files  /afs/andrew.cmu.edu/usr21/eqian/private/18240/Lab5/Lab5_project1/Lab5_project1.srcs/sources_1/ip/dist_mem_gen_0/dist_mem_gen_0.xci]
INFO: [IP_Flow 19-1686] Generating 'Instantiation Template' target for IP 'dist_mem_gen_0'...
INFO: [IP_Flow 19-1686] Generating 'Synthesis' target for IP 'dist_mem_gen_0'...
INFO: [IP_Flow 19-1686] Generating 'Simulation' target for IP 'dist_mem_gen_0'...
INFO: [IP_Flow 19-1686] Generating 'Change Log' target for IP 'dist_mem_gen_0'...
export_ip_user_files -of_objects [get_files /afs/andrew.cmu.edu/usr21/eqian/private/18240/Lab5/Lab5_project1/Lab5_project1.srcs/sources_1/ip/dist_mem_gen_0/dist_mem_gen_0.xci] -no_script -sync -force -quiet
export_simulation -lib_map_path [list {modelsim=/afs/andrew.cmu.edu/usr21/eqian/private/18240/Lab5/Lab5_project1/Lab5_project1.cache/compile_simlib/modelsim} {questa=/afs/andrew.cmu.edu/usr21/eqian/private/18240/Lab5/Lab5_project1/Lab5_project1.cache/compile_simlib/questa} {xcelium=/afs/andrew.cmu.edu/usr21/eqian/private/18240/Lab5/Lab5_project1/Lab5_project1.cache/compile_simlib/xcelium} {vcs=/afs/andrew.cmu.edu/usr21/eqian/private/18240/Lab5/Lab5_project1/Lab5_project1.cache/compile_simlib/vcs} {riviera=/afs/andrew.cmu.edu/usr21/eqian/private/18240/Lab5/Lab5_project1/Lab5_project1.cache/compile_simlib/riviera}] -of_objects [get_files /afs/andrew.cmu.edu/usr21/eqian/private/18240/Lab5/Lab5_project1/Lab5_project1.srcs/sources_1/ip/dist_mem_gen_0/dist_mem_gen_0.xci] -directory /afs/andrew.cmu.edu/usr21/eqian/private/18240/Lab5/Lab5_project1/Lab5_project1.ip_user_files/sim_scripts -ip_user_files_dir /afs/andrew.cmu.edu/usr21/eqian/private/18240/Lab5/Lab5_project1/Lab5_project1.ip_user_files -ipstatic_source_dir /afs/andrew.cmu.edu/usr21/eqian/private/18240/Lab5/Lab5_project1/Lab5_project1.ip_user_files/ipstatic -use_ip_compiled_libs -force -quiet
synth_design -top Multiplier -part xc7s50csga324-1 -lint 
Command: synth_design -top Multiplier -part xc7s50csga324-1 -lint
Starting synth_design
Attempting to get a license for feature 'Synthesis' and/or device 'xc7s50'
INFO: [Common 17-349] Got license for feature 'Synthesis' and/or device 'xc7s50'
INFO: [Synth 8-7079] Multithreading enabled for synth_design using a maximum of 7 processes.
INFO: [Synth 8-7078] Launching helper process for spawning children vivado processes
INFO: [Synth 8-7075] Helper process launched with PID 3074012
INFO: [Common 17-41] Interrupt caught. Command should exit soon.
INFO: [Common 17-344] 'source' was cancelled
INFO: [Common 17-83] Releasing license: Synthesis
7 Infos, 0 Warnings, 0 Critical Warnings and 0 Errors encountered.
synth_design completed successfully
synth_design: Time (s): cpu = 00:00:33 ; elapsed = 00:00:35 . Memory (MB): peak = 8739.973 ; gain = 351.852 ; free physical = 2567 ; free virtual = 32366
INFO: [Common 17-2834] synth_design peak Physical Memory [PSS] (MB): overall = 9463.321; main = 1620.443; forked = 7968.877
INFO: [Common 17-2834] synth_design peak Virtual Memory [VSS] (MB): overall = 26269.758; main = 8739.977; forked = 17692.680
INFO: [Common 17-344] 'synth_design' was cancelled
launch_runs synth_1 -jobs 20
WARNING: [Vivado 12-7122] Auto Incremental Compile:: No reference checkpoint was found in run synth_1. Auto-incremental flow will not be run, the standard flow will be run instead.
[Wed Apr 15 19:33:54 2026] Launched synth_1...
Run output will be captured here: /afs/andrew.cmu.edu/usr21/eqian/private/18240/Lab5/Lab5_project1/Lab5_project1.runs/synth_1/runme.log
WARNING: [filemgmt 56-199] Attempt to get parsing info during refresh. "On-the-fly" syntax checking information may be incorrect. [/afs/andrew.cmu.edu/usr21/eqian/private/18240/Lab5/Multiplier.sv:]
WARNING: [filemgmt 56-199] Attempt to get parsing info during refresh. "On-the-fly" syntax checking information may be incorrect. [/afs/andrew.cmu.edu/usr21/eqian/private/18240/Lab5/constants.sv:]
WARNING: [filemgmt 56-199] Attempt to get parsing info during refresh. "On-the-fly" syntax checking information may be incorrect. [/afs/andrew.cmu.edu/usr21/eqian/private/18240/Lab5/constants.sv:]
WARNING: [filemgmt 56-199] Attempt to get parsing info during refresh. "On-the-fly" syntax checking information may be incorrect. [/afs/andrew.cmu.edu/usr21/eqian/private/18240/Lab5/constants.sv:]
WARNING: [filemgmt 56-199] Attempt to get parsing info during refresh. "On-the-fly" syntax checking information may be incorrect. [/afs/andrew.cmu.edu/usr21/eqian/private/18240/Lab5/Multiplier.sv:]
WARNING: [filemgmt 56-199] Attempt to get parsing info during refresh. "On-the-fly" syntax checking information may be incorrect. [/afs/andrew.cmu.edu/usr21/eqian/private/18240/Lab5/constants.sv:]
WARNING: [filemgmt 56-199] Attempt to get parsing info during refresh. "On-the-fly" syntax checking information may be incorrect. [/afs/andrew.cmu.edu/usr21/eqian/private/18240/Lab5/constants.sv:]
WARNING: [filemgmt 56-199] Attempt to get parsing info during refresh. "On-the-fly" syntax checking information may be incorrect. [/afs/andrew.cmu.edu/usr21/eqian/private/18240/Lab5/constants.sv:]
WARNING: [filemgmt 56-199] Attempt to get parsing info during refresh. "On-the-fly" syntax checking information may be incorrect. [/afs/andrew.cmu.edu/usr21/eqian/private/18240/Lab5/Multiplier.sv:]
WARNING: [filemgmt 56-199] Attempt to get parsing info during refresh. "On-the-fly" syntax checking information may be incorrect. [/afs/andrew.cmu.edu/usr21/eqian/private/18240/Lab5/constants.sv:]
WARNING: [filemgmt 56-199] Attempt to get parsing info during refresh. "On-the-fly" syntax checking information may be incorrect. [/afs/andrew.cmu.edu/usr21/eqian/private/18240/Lab5/constants.sv:]
WARNING: [filemgmt 56-199] Attempt to get parsing info during refresh. "On-the-fly" syntax checking information may be incorrect. [/afs/andrew.cmu.edu/usr21/eqian/private/18240/Lab5/constants.sv:]
update_compile_order -fileset sources_1
WARNING: [filemgmt 56-199] Attempt to get parsing info during refresh. "On-the-fly" syntax checking information may be incorrect. [/afs/andrew.cmu.edu/usr21/eqian/private/18240/Lab5/Multiplier.sv:]
WARNING: [filemgmt 56-199] Attempt to get parsing info during refresh. "On-the-fly" syntax checking information may be incorrect. [/afs/andrew.cmu.edu/usr21/eqian/private/18240/Lab5/constants.sv:]
WARNING: [filemgmt 56-199] Attempt to get parsing info during refresh. "On-the-fly" syntax checking information may be incorrect. [/afs/andrew.cmu.edu/usr21/eqian/private/18240/Lab5/constants.sv:]
WARNING: [filemgmt 56-199] Attempt to get parsing info during refresh. "On-the-fly" syntax checking information may be incorrect. [/afs/andrew.cmu.edu/usr21/eqian/private/18240/Lab5/constants.sv:]
reset_run synth_1
launch_runs synth_1 -jobs 20
WARNING: [Vivado 12-7122] Auto Incremental Compile:: No reference checkpoint was found in run synth_1. Auto-incremental flow will not be run, the standard flow will be run instead.
[Wed Apr 15 19:40:34 2026] Launched synth_1...
Run output will be captured here: /afs/andrew.cmu.edu/usr21/eqian/private/18240/Lab5/Lab5_project1/Lab5_project1.runs/synth_1/runme.log
open_run synth_1 -name synth_1
Design is defaulting to impl run constrset: constrs_1
Design is defaulting to synth run part: xc7s50csga324-1
INFO: [Device 21-403] Loading part xc7s50csga324-1
Netlist sorting complete. Time (s): cpu = 00:00:00.01 ; elapsed = 00:00:00.01 . Memory (MB): peak = 9117.047 ; gain = 0.000 ; free physical = 7521 ; free virtual = 37110
INFO: [Netlist 29-17] Analyzing 12 Unisim elements for replacement
INFO: [Netlist 29-28] Unisim Transformation completed in 0 CPU seconds
INFO: [Project 1-479] Netlist was created with Vivado 2024.2
INFO: [Project 1-570] Preparing netlist for logic optimization
Parsing XDC File [/afs/andrew.cmu.edu/usr21/eqian/private/18240/Lab5/RISC240.xdc]
WARNING: [Vivado 12-584] No ports matched 'CLOCK_100'. [/afs/andrew.cmu.edu/usr21/eqian/private/18240/Lab5/RISC240.xdc:2]
CRITICAL WARNING: [Vivado 12-4739] create_clock:No valid object(s) found for '-objects [get_ports CLOCK_100]'. [/afs/andrew.cmu.edu/usr21/eqian/private/18240/Lab5/RISC240.xdc:2]
Resolution: Check if the specified object(s) exists in the current design. If it does, ensure that the correct design hierarchy was specified for the object. If you are working with clocks, make sure create_clock was used to create the clock object before it is referenced.
WARNING: [Vivado 12-584] No ports matched 'CLOCK_100'. [/afs/andrew.cmu.edu/usr21/eqian/private/18240/Lab5/RISC240.xdc:3]
WARNING: [Vivado 12-507] No nets matched 'BTN_IBUF[0]'. [/afs/andrew.cmu.edu/usr21/eqian/private/18240/Lab5/RISC240.xdc:6]
CRITICAL WARNING: [Common 17-55] 'set_property' expects at least one object. [/afs/andrew.cmu.edu/usr21/eqian/private/18240/Lab5/RISC240.xdc:6]
Resolution: If [get_<value>] was used to populate the object, check to make sure this command returns at least one valid object.
WARNING: [Vivado 12-584] No ports matched 'SW[0]'. [/afs/andrew.cmu.edu/usr21/eqian/private/18240/Lab5/RISC240.xdc:13]
WARNING: [Vivado 12-584] No ports matched 'SW[1]'. [/afs/andrew.cmu.edu/usr21/eqian/private/18240/Lab5/RISC240.xdc:14]
WARNING: [Vivado 12-584] No ports matched 'SW[2]'. [/afs/andrew.cmu.edu/usr21/eqian/private/18240/Lab5/RISC240.xdc:15]
WARNING: [Vivado 12-584] No ports matched 'SW[3]'. [/afs/andrew.cmu.edu/usr21/eqian/private/18240/Lab5/RISC240.xdc:16]
WARNING: [Vivado 12-584] No ports matched 'SW[4]'. [/afs/andrew.cmu.edu/usr21/eqian/private/18240/Lab5/RISC240.xdc:17]
WARNING: [Vivado 12-584] No ports matched 'SW[5]'. [/afs/andrew.cmu.edu/usr21/eqian/private/18240/Lab5/RISC240.xdc:18]
WARNING: [Vivado 12-584] No ports matched 'SW[6]'. [/afs/andrew.cmu.edu/usr21/eqian/private/18240/Lab5/RISC240.xdc:19]
WARNING: [Vivado 12-584] No ports matched 'SW[7]'. [/afs/andrew.cmu.edu/usr21/eqian/private/18240/Lab5/RISC240.xdc:20]
WARNING: [Vivado 12-584] No ports matched 'SW[8]'. [/afs/andrew.cmu.edu/usr21/eqian/private/18240/Lab5/RISC240.xdc:21]
WARNING: [Vivado 12-584] No ports matched 'SW[9]'. [/afs/andrew.cmu.edu/usr21/eqian/private/18240/Lab5/RISC240.xdc:22]
WARNING: [Vivado 12-584] No ports matched 'SW[10]'. [/afs/andrew.cmu.edu/usr21/eqian/private/18240/Lab5/RISC240.xdc:23]
WARNING: [Vivado 12-584] No ports matched 'SW[11]'. [/afs/andrew.cmu.edu/usr21/eqian/private/18240/Lab5/RISC240.xdc:24]
WARNING: [Vivado 12-584] No ports matched 'SW[12]'. [/afs/andrew.cmu.edu/usr21/eqian/private/18240/Lab5/RISC240.xdc:25]
WARNING: [Vivado 12-584] No ports matched 'SW[13]'. [/afs/andrew.cmu.edu/usr21/eqian/private/18240/Lab5/RISC240.xdc:26]
WARNING: [Vivado 12-584] No ports matched 'SW[14]'. [/afs/andrew.cmu.edu/usr21/eqian/private/18240/Lab5/RISC240.xdc:27]
WARNING: [Vivado 12-584] No ports matched 'SW[15]'. [/afs/andrew.cmu.edu/usr21/eqian/private/18240/Lab5/RISC240.xdc:28]
WARNING: [Vivado 12-584] No ports matched 'LD[0]'. [/afs/andrew.cmu.edu/usr21/eqian/private/18240/Lab5/RISC240.xdc:31]
WARNING: [Vivado 12-584] No ports matched 'LD[1]'. [/afs/andrew.cmu.edu/usr21/eqian/private/18240/Lab5/RISC240.xdc:32]
WARNING: [Vivado 12-584] No ports matched 'LD[2]'. [/afs/andrew.cmu.edu/usr21/eqian/private/18240/Lab5/RISC240.xdc:33]
WARNING: [Vivado 12-584] No ports matched 'LD[3]'. [/afs/andrew.cmu.edu/usr21/eqian/private/18240/Lab5/RISC240.xdc:34]
WARNING: [Vivado 12-584] No ports matched 'LD[4]'. [/afs/andrew.cmu.edu/usr21/eqian/private/18240/Lab5/RISC240.xdc:35]
WARNING: [Vivado 12-584] No ports matched 'LD[5]'. [/afs/andrew.cmu.edu/usr21/eqian/private/18240/Lab5/RISC240.xdc:36]
WARNING: [Vivado 12-584] No ports matched 'LD[6]'. [/afs/andrew.cmu.edu/usr21/eqian/private/18240/Lab5/RISC240.xdc:37]
WARNING: [Vivado 12-584] No ports matched 'LD[7]'. [/afs/andrew.cmu.edu/usr21/eqian/private/18240/Lab5/RISC240.xdc:38]
WARNING: [Vivado 12-584] No ports matched 'LD[8]'. [/afs/andrew.cmu.edu/usr21/eqian/private/18240/Lab5/RISC240.xdc:39]
WARNING: [Vivado 12-584] No ports matched 'LD[9]'. [/afs/andrew.cmu.edu/usr21/eqian/private/18240/Lab5/RISC240.xdc:40]
WARNING: [Vivado 12-584] No ports matched 'LD[10]'. [/afs/andrew.cmu.edu/usr21/eqian/private/18240/Lab5/RISC240.xdc:41]
WARNING: [Vivado 12-584] No ports matched 'LD[11]'. [/afs/andrew.cmu.edu/usr21/eqian/private/18240/Lab5/RISC240.xdc:42]
WARNING: [Vivado 12-584] No ports matched 'LD[12]'. [/afs/andrew.cmu.edu/usr21/eqian/private/18240/Lab5/RISC240.xdc:43]
WARNING: [Vivado 12-584] No ports matched 'LD[13]'. [/afs/andrew.cmu.edu/usr21/eqian/private/18240/Lab5/RISC240.xdc:44]
WARNING: [Vivado 12-584] No ports matched 'LD[14]'. [/afs/andrew.cmu.edu/usr21/eqian/private/18240/Lab5/RISC240.xdc:45]
WARNING: [Vivado 12-584] No ports matched 'LD[15]'. [/afs/andrew.cmu.edu/usr21/eqian/private/18240/Lab5/RISC240.xdc:46]
WARNING: [Vivado 12-584] No ports matched 'BTN[0]'. [/afs/andrew.cmu.edu/usr21/eqian/private/18240/Lab5/RISC240.xdc:49]
WARNING: [Vivado 12-584] No ports matched 'BTN[1]'. [/afs/andrew.cmu.edu/usr21/eqian/private/18240/Lab5/RISC240.xdc:50]
WARNING: [Vivado 12-584] No ports matched 'BTN[2]'. [/afs/andrew.cmu.edu/usr21/eqian/private/18240/Lab5/RISC240.xdc:51]
WARNING: [Vivado 12-584] No ports matched 'BTN[3]'. [/afs/andrew.cmu.edu/usr21/eqian/private/18240/Lab5/RISC240.xdc:52]
WARNING: [Vivado 12-584] No ports matched 'RGB0[0]'. [/afs/andrew.cmu.edu/usr21/eqian/private/18240/Lab5/RISC240.xdc:55]
WARNING: [Vivado 12-584] No ports matched 'RGB0[1]'. [/afs/andrew.cmu.edu/usr21/eqian/private/18240/Lab5/RISC240.xdc:56]
WARNING: [Vivado 12-584] No ports matched 'RGB0[2]'. [/afs/andrew.cmu.edu/usr21/eqian/private/18240/Lab5/RISC240.xdc:57]
WARNING: [Vivado 12-584] No ports matched 'RGB1[0]'. [/afs/andrew.cmu.edu/usr21/eqian/private/18240/Lab5/RISC240.xdc:58]
WARNING: [Vivado 12-584] No ports matched 'RGB1[1]'. [/afs/andrew.cmu.edu/usr21/eqian/private/18240/Lab5/RISC240.xdc:59]
WARNING: [Vivado 12-584] No ports matched 'RGB1[2]'. [/afs/andrew.cmu.edu/usr21/eqian/private/18240/Lab5/RISC240.xdc:60]
WARNING: [Vivado 12-584] No ports matched 'D1_AN[0]'. [/afs/andrew.cmu.edu/usr21/eqian/private/18240/Lab5/RISC240.xdc:63]
WARNING: [Vivado 12-584] No ports matched 'D1_AN[1]'. [/afs/andrew.cmu.edu/usr21/eqian/private/18240/Lab5/RISC240.xdc:64]
WARNING: [Vivado 12-584] No ports matched 'D1_AN[2]'. [/afs/andrew.cmu.edu/usr21/eqian/private/18240/Lab5/RISC240.xdc:65]
WARNING: [Vivado 12-584] No ports matched 'D1_AN[3]'. [/afs/andrew.cmu.edu/usr21/eqian/private/18240/Lab5/RISC240.xdc:66]
WARNING: [Vivado 12-584] No ports matched 'D1_SEG[0]'. [/afs/andrew.cmu.edu/usr21/eqian/private/18240/Lab5/RISC240.xdc:67]
WARNING: [Vivado 12-584] No ports matched 'D1_SEG[1]'. [/afs/andrew.cmu.edu/usr21/eqian/private/18240/Lab5/RISC240.xdc:68]
WARNING: [Vivado 12-584] No ports matched 'D1_SEG[2]'. [/afs/andrew.cmu.edu/usr21/eqian/private/18240/Lab5/RISC240.xdc:69]
WARNING: [Vivado 12-584] No ports matched 'D1_SEG[3]'. [/afs/andrew.cmu.edu/usr21/eqian/private/18240/Lab5/RISC240.xdc:70]
WARNING: [Vivado 12-584] No ports matched 'D1_SEG[4]'. [/afs/andrew.cmu.edu/usr21/eqian/private/18240/Lab5/RISC240.xdc:71]
WARNING: [Vivado 12-584] No ports matched 'D1_SEG[5]'. [/afs/andrew.cmu.edu/usr21/eqian/private/18240/Lab5/RISC240.xdc:72]
WARNING: [Vivado 12-584] No ports matched 'D1_SEG[6]'. [/afs/andrew.cmu.edu/usr21/eqian/private/18240/Lab5/RISC240.xdc:73]
WARNING: [Vivado 12-584] No ports matched 'D1_SEG[7]'. [/afs/andrew.cmu.edu/usr21/eqian/private/18240/Lab5/RISC240.xdc:74]
WARNING: [Vivado 12-584] No ports matched 'D2_AN[0]'. [/afs/andrew.cmu.edu/usr21/eqian/private/18240/Lab5/RISC240.xdc:77]
WARNING: [Vivado 12-584] No ports matched 'D2_AN[1]'. [/afs/andrew.cmu.edu/usr21/eqian/private/18240/Lab5/RISC240.xdc:78]
WARNING: [Vivado 12-584] No ports matched 'D2_AN[2]'. [/afs/andrew.cmu.edu/usr21/eqian/private/18240/Lab5/RISC240.xdc:79]
WARNING: [Vivado 12-584] No ports matched 'D2_AN[3]'. [/afs/andrew.cmu.edu/usr21/eqian/private/18240/Lab5/RISC240.xdc:80]
WARNING: [Vivado 12-584] No ports matched 'D2_SEG[0]'. [/afs/andrew.cmu.edu/usr21/eqian/private/18240/Lab5/RISC240.xdc:81]
WARNING: [Vivado 12-584] No ports matched 'D2_SEG[1]'. [/afs/andrew.cmu.edu/usr21/eqian/private/18240/Lab5/RISC240.xdc:82]
WARNING: [Vivado 12-584] No ports matched 'D2_SEG[2]'. [/afs/andrew.cmu.edu/usr21/eqian/private/18240/Lab5/RISC240.xdc:83]
WARNING: [Vivado 12-584] No ports matched 'D2_SEG[3]'. [/afs/andrew.cmu.edu/usr21/eqian/private/18240/Lab5/RISC240.xdc:84]
WARNING: [Vivado 12-584] No ports matched 'D2_SEG[4]'. [/afs/andrew.cmu.edu/usr21/eqian/private/18240/Lab5/RISC240.xdc:85]
WARNING: [Vivado 12-584] No ports matched 'D2_SEG[5]'. [/afs/andrew.cmu.edu/usr21/eqian/private/18240/Lab5/RISC240.xdc:86]
WARNING: [Vivado 12-584] No ports matched 'D2_SEG[6]'. [/afs/andrew.cmu.edu/usr21/eqian/private/18240/Lab5/RISC240.xdc:87]
WARNING: [Vivado 12-584] No ports matched 'D2_SEG[7]'. [/afs/andrew.cmu.edu/usr21/eqian/private/18240/Lab5/RISC240.xdc:88]
WARNING: [Vivado 12-584] No ports matched 'UART_RXD'. [/afs/andrew.cmu.edu/usr21/eqian/private/18240/Lab5/RISC240.xdc:91]
WARNING: [Vivado 12-584] No ports matched 'UART_TXD'. [/afs/andrew.cmu.edu/usr21/eqian/private/18240/Lab5/RISC240.xdc:92]
WARNING: [Vivado 12-584] No ports matched 'HDMI_CLOCK_N'. [/afs/andrew.cmu.edu/usr21/eqian/private/18240/Lab5/RISC240.xdc:95]
WARNING: [Vivado 12-584] No ports matched 'HDMI_CLOCK_P'. [/afs/andrew.cmu.edu/usr21/eqian/private/18240/Lab5/RISC240.xdc:96]
WARNING: [Vivado 12-584] No ports matched 'HDMI_TX_N[0]'. [/afs/andrew.cmu.edu/usr21/eqian/private/18240/Lab5/RISC240.xdc:98]
WARNING: [Vivado 12-584] No ports matched 'HDMI_TX_N[1]'. [/afs/andrew.cmu.edu/usr21/eqian/private/18240/Lab5/RISC240.xdc:99]
WARNING: [Vivado 12-584] No ports matched 'HDMI_TX_N[2]'. [/afs/andrew.cmu.edu/usr21/eqian/private/18240/Lab5/RISC240.xdc:100]
WARNING: [Vivado 12-584] No ports matched 'HDMI_TX_P[0]'. [/afs/andrew.cmu.edu/usr21/eqian/private/18240/Lab5/RISC240.xdc:102]
WARNING: [Vivado 12-584] No ports matched 'HDMI_TX_P[1]'. [/afs/andrew.cmu.edu/usr21/eqian/private/18240/Lab5/RISC240.xdc:103]
WARNING: [Vivado 12-584] No ports matched 'HDMI_TX_P[2]'. [/afs/andrew.cmu.edu/usr21/eqian/private/18240/Lab5/RISC240.xdc:104]
WARNING: [Vivado 12-584] No ports matched 'left_audio_out'. [/afs/andrew.cmu.edu/usr21/eqian/private/18240/Lab5/RISC240.xdc:107]
WARNING: [Vivado 12-584] No ports matched 'right_audio_out'. [/afs/andrew.cmu.edu/usr21/eqian/private/18240/Lab5/RISC240.xdc:108]
WARNING: [Vivado 12-584] No ports matched 'BLE_UART_TX'. [/afs/andrew.cmu.edu/usr21/eqian/private/18240/Lab5/RISC240.xdc:111]
WARNING: [Vivado 12-584] No ports matched 'BLE_UART_RX'. [/afs/andrew.cmu.edu/usr21/eqian/private/18240/Lab5/RISC240.xdc:112]
WARNING: [Vivado 12-584] No ports matched 'BLE_UART_RTS'. [/afs/andrew.cmu.edu/usr21/eqian/private/18240/Lab5/RISC240.xdc:113]
WARNING: [Vivado 12-584] No ports matched 'BLE_UART_CTS'. [/afs/andrew.cmu.edu/usr21/eqian/private/18240/Lab5/RISC240.xdc:114]
WARNING: [Vivado 12-584] No ports matched 'SERVO0'. [/afs/andrew.cmu.edu/usr21/eqian/private/18240/Lab5/RISC240.xdc:117]
WARNING: [Vivado 12-584] No ports matched 'SERVO1'. [/afs/andrew.cmu.edu/usr21/eqian/private/18240/Lab5/RISC240.xdc:118]
WARNING: [Vivado 12-584] No ports matched 'SERVO2'. [/afs/andrew.cmu.edu/usr21/eqian/private/18240/Lab5/RISC240.xdc:119]
WARNING: [Vivado 12-584] No ports matched 'SERVO3'. [/afs/andrew.cmu.edu/usr21/eqian/private/18240/Lab5/RISC240.xdc:120]
WARNING: [Vivado 12-584] No ports matched 'GPIO0[0]'. [/afs/andrew.cmu.edu/usr21/eqian/private/18240/Lab5/RISC240.xdc:123]
CRITICAL WARNING: [Common 17-55] 'set_property' expects at least one object. [/afs/andrew.cmu.edu/usr21/eqian/private/18240/Lab5/RISC240.xdc:123]
Resolution: If [get_<value>] was used to populate the object, check to make sure this command returns at least one valid object.
WARNING: [Vivado 12-584] No ports matched 'GPIO0[1]'. [/afs/andrew.cmu.edu/usr21/eqian/private/18240/Lab5/RISC240.xdc:124]
CRITICAL WARNING: [Common 17-55] 'set_property' expects at least one object. [/afs/andrew.cmu.edu/usr21/eqian/private/18240/Lab5/RISC240.xdc:124]
Resolution: If [get_<value>] was used to populate the object, check to make sure this command returns at least one valid object.
WARNING: [Vivado 12-584] No ports matched 'GPIO0[2]'. [/afs/andrew.cmu.edu/usr21/eqian/private/18240/Lab5/RISC240.xdc:125]
CRITICAL WARNING: [Common 17-55] 'set_property' expects at least one object. [/afs/andrew.cmu.edu/usr21/eqian/private/18240/Lab5/RISC240.xdc:125]
Resolution: If [get_<value>] was used to populate the object, check to make sure this command returns at least one valid object.
WARNING: [Vivado 12-584] No ports matched 'GPIO0[3]'. [/afs/andrew.cmu.edu/usr21/eqian/private/18240/Lab5/RISC240.xdc:126]
CRITICAL WARNING: [Common 17-55] 'set_property' expects at least one object. [/afs/andrew.cmu.edu/usr21/eqian/private/18240/Lab5/RISC240.xdc:126]
Resolution: If [get_<value>] was used to populate the object, check to make sure this command returns at least one valid object.
WARNING: [Vivado 12-584] No ports matched 'GPIO0[4]'. [/afs/andrew.cmu.edu/usr21/eqian/private/18240/Lab5/RISC240.xdc:127]
CRITICAL WARNING: [Common 17-55] 'set_property' expects at least one object. [/afs/andrew.cmu.edu/usr21/eqian/private/18240/Lab5/RISC240.xdc:127]
Resolution: If [get_<value>] was used to populate the object, check to make sure this command returns at least one valid object.
WARNING: [Vivado 12-584] No ports matched 'GPIO0[5]'. [/afs/andrew.cmu.edu/usr21/eqian/private/18240/Lab5/RISC240.xdc:128]
CRITICAL WARNING: [Common 17-55] 'set_property' expects at least one object. [/afs/andrew.cmu.edu/usr21/eqian/private/18240/Lab5/RISC240.xdc:128]
Resolution: If [get_<value>] was used to populate the object, check to make sure this command returns at least one valid object.
WARNING: [Vivado 12-584] No ports matched 'GPIO1[0]'. [/afs/andrew.cmu.edu/usr21/eqian/private/18240/Lab5/RISC240.xdc:131]
CRITICAL WARNING: [Common 17-55] 'set_property' expects at least one object. [/afs/andrew.cmu.edu/usr21/eqian/private/18240/Lab5/RISC240.xdc:131]
Resolution: If [get_<value>] was used to populate the object, check to make sure this command returns at least one valid object.
WARNING: [Vivado 12-584] No ports matched 'GPIO1[1]'. [/afs/andrew.cmu.edu/usr21/eqian/private/18240/Lab5/RISC240.xdc:132]
CRITICAL WARNING: [Common 17-55] 'set_property' expects at least one object. [/afs/andrew.cmu.edu/usr21/eqian/private/18240/Lab5/RISC240.xdc:132]
Resolution: If [get_<value>] was used to populate the object, check to make sure this command returns at least one valid object.
WARNING: [Vivado 12-584] No ports matched 'GPIO1[2]'. [/afs/andrew.cmu.edu/usr21/eqian/private/18240/Lab5/RISC240.xdc:133]
CRITICAL WARNING: [Common 17-55] 'set_property' expects at least one object. [/afs/andrew.cmu.edu/usr21/eqian/private/18240/Lab5/RISC240.xdc:133]
Resolution: If [get_<value>] was used to populate the object, check to make sure this command returns at least one valid object.
WARNING: [Vivado 12-584] No ports matched 'GPIO1[3]'. [/afs/andrew.cmu.edu/usr21/eqian/private/18240/Lab5/RISC240.xdc:134]
CRITICAL WARNING: [Common 17-55] 'set_property' expects at least one object. [/afs/andrew.cmu.edu/usr21/eqian/private/18240/Lab5/RISC240.xdc:134]
Resolution: If [get_<value>] was used to populate the object, check to make sure this command returns at least one valid object.
WARNING: [Vivado 12-584] No ports matched 'GPIO1[4]'. [/afs/andrew.cmu.edu/usr21/eqian/private/18240/Lab5/RISC240.xdc:135]
CRITICAL WARNING: [Common 17-55] 'set_property' expects at least one object. [/afs/andrew.cmu.edu/usr21/eqian/private/18240/Lab5/RISC240.xdc:135]
Resolution: If [get_<value>] was used to populate the object, check to make sure this command returns at least one valid object.
WARNING: [Vivado 12-584] No ports matched 'GPIO1[5]'. [/afs/andrew.cmu.edu/usr21/eqian/private/18240/Lab5/RISC240.xdc:136]
INFO: [Common 17-14] Message 'Vivado 12-584' appears 100 times and further instances of the messages will be disabled. Use the Tcl command set_msg_config to change the current settings. [/afs/andrew.cmu.edu/usr21/eqian/private/18240/Lab5/RISC240.xdc:136]
CRITICAL WARNING: [Common 17-55] 'set_property' expects at least one object. [/afs/andrew.cmu.edu/usr21/eqian/private/18240/Lab5/RISC240.xdc:136]
Resolution: If [get_<value>] was used to populate the object, check to make sure this command returns at least one valid object.
Finished Parsing XDC File [/afs/andrew.cmu.edu/usr21/eqian/private/18240/Lab5/RISC240.xdc]
INFO: [Opt 31-138] Pushed 0 inverter(s) to 0 load pin(s).
Netlist sorting complete. Time (s): cpu = 00:00:00 ; elapsed = 00:00:00 . Memory (MB): peak = 9232.949 ; gain = 0.000 ; free physical = 7432 ; free virtual = 37021
INFO: [Project 1-111] Unisim Transformation Summary:
No Unisim elements were transformed.

open_run: Time (s): cpu = 00:00:48 ; elapsed = 00:00:32 . Memory (MB): peak = 9684.656 ; gain = 668.797 ; free physical = 7120 ; free virtual = 36725
set_property top RISC240_top [get_filesets sim_1]
WARNING: [filemgmt 56-199] Attempt to get parsing info during refresh. "On-the-fly" syntax checking information may be incorrect. [/afs/andrew.cmu.edu/usr21/eqian/private/18240/Lab5/Multiplier.sv:]
WARNING: [filemgmt 56-199] Attempt to get parsing info during refresh. "On-the-fly" syntax checking information may be incorrect. [/afs/andrew.cmu.edu/usr21/eqian/private/18240/Lab5/constants.sv:]
WARNING: [filemgmt 56-199] Attempt to get parsing info during refresh. "On-the-fly" syntax checking information may be incorrect. [/afs/andrew.cmu.edu/usr21/eqian/private/18240/Lab5/constants.sv:]
WARNING: [filemgmt 56-199] Attempt to get parsing info during refresh. "On-the-fly" syntax checking information may be incorrect. [/afs/andrew.cmu.edu/usr21/eqian/private/18240/Lab5/constants.sv:]
set_property top_lib xil_defaultlib [get_filesets sim_1]
WARNING: [filemgmt 56-199] Attempt to get parsing info during refresh. "On-the-fly" syntax checking information may be incorrect. [/afs/andrew.cmu.edu/usr21/eqian/private/18240/Lab5/Multiplier.sv:]
WARNING: [filemgmt 56-199] Attempt to get parsing info during refresh. "On-the-fly" syntax checking information may be incorrect. [/afs/andrew.cmu.edu/usr21/eqian/private/18240/Lab5/constants.sv:]
WARNING: [filemgmt 56-199] Attempt to get parsing info during refresh. "On-the-fly" syntax checking information may be incorrect. [/afs/andrew.cmu.edu/usr21/eqian/private/18240/Lab5/constants.sv:]
WARNING: [filemgmt 56-199] Attempt to get parsing info during refresh. "On-the-fly" syntax checking information may be incorrect. [/afs/andrew.cmu.edu/usr21/eqian/private/18240/Lab5/constants.sv:]
WARNING: [filemgmt 56-199] Attempt to get parsing info during refresh. "On-the-fly" syntax checking information may be incorrect. [/afs/andrew.cmu.edu/usr21/eqian/private/18240/Lab5/Multiplier.sv:]
WARNING: [filemgmt 56-199] Attempt to get parsing info during refresh. "On-the-fly" syntax checking information may be incorrect. [/afs/andrew.cmu.edu/usr21/eqian/private/18240/Lab5/constants.sv:]
WARNING: [filemgmt 56-199] Attempt to get parsing info during refresh. "On-the-fly" syntax checking information may be incorrect. [/afs/andrew.cmu.edu/usr21/eqian/private/18240/Lab5/Multiplier.sv:]
WARNING: [filemgmt 56-199] Attempt to get parsing info during refresh. "On-the-fly" syntax checking information may be incorrect. [/afs/andrew.cmu.edu/usr21/eqian/private/18240/Lab5/Multiplier.sv:]
reset_run synth_1
INFO: [Project 1-1160] Copying file /afs/andrew.cmu.edu/usr21/eqian/private/18240/Lab5/Lab5_project1/Lab5_project1.runs/synth_1/Multiplier.dcp to /afs/andrew.cmu.edu/usr21/eqian/private/18240/Lab5/Lab5_project1/Lab5_project1.srcs/utils_1/imports/synth_1 and adding it to utils fileset
WARNING: [filemgmt 56-199] Attempt to get parsing info during refresh. "On-the-fly" syntax checking information may be incorrect. [/afs/andrew.cmu.edu/usr21/eqian/private/18240/Lab5/Multiplier.sv:]
WARNING: [filemgmt 56-199] Attempt to get parsing info during refresh. "On-the-fly" syntax checking information may be incorrect. [/afs/andrew.cmu.edu/usr21/eqian/private/18240/Lab5/constants.sv:]
WARNING: [filemgmt 56-199] Attempt to get parsing info during refresh. "On-the-fly" syntax checking information may be incorrect. [/afs/andrew.cmu.edu/usr21/eqian/private/18240/Lab5/constants.sv:]
WARNING: [filemgmt 56-199] Attempt to get parsing info during refresh. "On-the-fly" syntax checking information may be incorrect. [/afs/andrew.cmu.edu/usr21/eqian/private/18240/Lab5/constants.sv:]
reset_runs: Time (s): cpu = 00:00:06 ; elapsed = 00:00:05 . Memory (MB): peak = 9938.988 ; gain = 0.000 ; free physical = 6776 ; free virtual = 36439
launch_runs synth_1 -jobs 20
[Wed Apr 15 20:03:16 2026] Launched synth_1...
Run output will be captured here: /afs/andrew.cmu.edu/usr21/eqian/private/18240/Lab5/Lab5_project1/Lab5_project1.runs/synth_1/runme.log
close_design
open_run synth_1 -name synth_1
Design is defaulting to impl run constrset: constrs_1
Design is defaulting to synth run part: xc7s50csga324-1
Netlist sorting complete. Time (s): cpu = 00:00:00.01 ; elapsed = 00:00:00.01 . Memory (MB): peak = 9938.988 ; gain = 0.000 ; free physical = 6781 ; free virtual = 36433
INFO: [Netlist 29-17] Analyzing 12 Unisim elements for replacement
INFO: [Netlist 29-28] Unisim Transformation completed in 0 CPU seconds
INFO: [Project 1-479] Netlist was created with Vivado 2024.2
INFO: [Project 1-570] Preparing netlist for logic optimization
Parsing XDC File [/afs/andrew.cmu.edu/usr21/eqian/private/18240/Lab5/RISC240.xdc]
WARNING: [Vivado 12-584] No ports matched 'CLOCK_100'. [/afs/andrew.cmu.edu/usr21/eqian/private/18240/Lab5/RISC240.xdc:2]
CRITICAL WARNING: [Vivado 12-4739] create_clock:No valid object(s) found for '-objects [get_ports CLOCK_100]'. [/afs/andrew.cmu.edu/usr21/eqian/private/18240/Lab5/RISC240.xdc:2]
Resolution: Check if the specified object(s) exists in the current design. If it does, ensure that the correct design hierarchy was specified for the object. If you are working with clocks, make sure create_clock was used to create the clock object before it is referenced.
WARNING: [Vivado 12-584] No ports matched 'CLOCK_100'. [/afs/andrew.cmu.edu/usr21/eqian/private/18240/Lab5/RISC240.xdc:3]
WARNING: [Vivado 12-507] No nets matched 'BTN_IBUF[0]'. [/afs/andrew.cmu.edu/usr21/eqian/private/18240/Lab5/RISC240.xdc:6]
CRITICAL WARNING: [Common 17-55] 'set_property' expects at least one object. [/afs/andrew.cmu.edu/usr21/eqian/private/18240/Lab5/RISC240.xdc:6]
Resolution: If [get_<value>] was used to populate the object, check to make sure this command returns at least one valid object.
WARNING: [Vivado 12-584] No ports matched 'SW[0]'. [/afs/andrew.cmu.edu/usr21/eqian/private/18240/Lab5/RISC240.xdc:13]
WARNING: [Vivado 12-584] No ports matched 'SW[1]'. [/afs/andrew.cmu.edu/usr21/eqian/private/18240/Lab5/RISC240.xdc:14]
WARNING: [Vivado 12-584] No ports matched 'SW[2]'. [/afs/andrew.cmu.edu/usr21/eqian/private/18240/Lab5/RISC240.xdc:15]
WARNING: [Vivado 12-584] No ports matched 'SW[3]'. [/afs/andrew.cmu.edu/usr21/eqian/private/18240/Lab5/RISC240.xdc:16]
WARNING: [Vivado 12-584] No ports matched 'SW[4]'. [/afs/andrew.cmu.edu/usr21/eqian/private/18240/Lab5/RISC240.xdc:17]
WARNING: [Vivado 12-584] No ports matched 'SW[5]'. [/afs/andrew.cmu.edu/usr21/eqian/private/18240/Lab5/RISC240.xdc:18]
WARNING: [Vivado 12-584] No ports matched 'SW[6]'. [/afs/andrew.cmu.edu/usr21/eqian/private/18240/Lab5/RISC240.xdc:19]
WARNING: [Vivado 12-584] No ports matched 'SW[7]'. [/afs/andrew.cmu.edu/usr21/eqian/private/18240/Lab5/RISC240.xdc:20]
WARNING: [Vivado 12-584] No ports matched 'SW[8]'. [/afs/andrew.cmu.edu/usr21/eqian/private/18240/Lab5/RISC240.xdc:21]
WARNING: [Vivado 12-584] No ports matched 'SW[9]'. [/afs/andrew.cmu.edu/usr21/eqian/private/18240/Lab5/RISC240.xdc:22]
WARNING: [Vivado 12-584] No ports matched 'SW[10]'. [/afs/andrew.cmu.edu/usr21/eqian/private/18240/Lab5/RISC240.xdc:23]
WARNING: [Vivado 12-584] No ports matched 'SW[11]'. [/afs/andrew.cmu.edu/usr21/eqian/private/18240/Lab5/RISC240.xdc:24]
WARNING: [Vivado 12-584] No ports matched 'SW[12]'. [/afs/andrew.cmu.edu/usr21/eqian/private/18240/Lab5/RISC240.xdc:25]
WARNING: [Vivado 12-584] No ports matched 'SW[13]'. [/afs/andrew.cmu.edu/usr21/eqian/private/18240/Lab5/RISC240.xdc:26]
WARNING: [Vivado 12-584] No ports matched 'SW[14]'. [/afs/andrew.cmu.edu/usr21/eqian/private/18240/Lab5/RISC240.xdc:27]
WARNING: [Vivado 12-584] No ports matched 'SW[15]'. [/afs/andrew.cmu.edu/usr21/eqian/private/18240/Lab5/RISC240.xdc:28]
WARNING: [Vivado 12-584] No ports matched 'LD[0]'. [/afs/andrew.cmu.edu/usr21/eqian/private/18240/Lab5/RISC240.xdc:31]
WARNING: [Vivado 12-584] No ports matched 'LD[1]'. [/afs/andrew.cmu.edu/usr21/eqian/private/18240/Lab5/RISC240.xdc:32]
WARNING: [Vivado 12-584] No ports matched 'LD[2]'. [/afs/andrew.cmu.edu/usr21/eqian/private/18240/Lab5/RISC240.xdc:33]
WARNING: [Vivado 12-584] No ports matched 'LD[3]'. [/afs/andrew.cmu.edu/usr21/eqian/private/18240/Lab5/RISC240.xdc:34]
WARNING: [Vivado 12-584] No ports matched 'LD[4]'. [/afs/andrew.cmu.edu/usr21/eqian/private/18240/Lab5/RISC240.xdc:35]
WARNING: [Vivado 12-584] No ports matched 'LD[5]'. [/afs/andrew.cmu.edu/usr21/eqian/private/18240/Lab5/RISC240.xdc:36]
WARNING: [Vivado 12-584] No ports matched 'LD[6]'. [/afs/andrew.cmu.edu/usr21/eqian/private/18240/Lab5/RISC240.xdc:37]
WARNING: [Vivado 12-584] No ports matched 'LD[7]'. [/afs/andrew.cmu.edu/usr21/eqian/private/18240/Lab5/RISC240.xdc:38]
WARNING: [Vivado 12-584] No ports matched 'LD[8]'. [/afs/andrew.cmu.edu/usr21/eqian/private/18240/Lab5/RISC240.xdc:39]
WARNING: [Vivado 12-584] No ports matched 'LD[9]'. [/afs/andrew.cmu.edu/usr21/eqian/private/18240/Lab5/RISC240.xdc:40]
WARNING: [Vivado 12-584] No ports matched 'LD[10]'. [/afs/andrew.cmu.edu/usr21/eqian/private/18240/Lab5/RISC240.xdc:41]
WARNING: [Vivado 12-584] No ports matched 'LD[11]'. [/afs/andrew.cmu.edu/usr21/eqian/private/18240/Lab5/RISC240.xdc:42]
WARNING: [Vivado 12-584] No ports matched 'LD[12]'. [/afs/andrew.cmu.edu/usr21/eqian/private/18240/Lab5/RISC240.xdc:43]
WARNING: [Vivado 12-584] No ports matched 'LD[13]'. [/afs/andrew.cmu.edu/usr21/eqian/private/18240/Lab5/RISC240.xdc:44]
WARNING: [Vivado 12-584] No ports matched 'LD[14]'. [/afs/andrew.cmu.edu/usr21/eqian/private/18240/Lab5/RISC240.xdc:45]
WARNING: [Vivado 12-584] No ports matched 'LD[15]'. [/afs/andrew.cmu.edu/usr21/eqian/private/18240/Lab5/RISC240.xdc:46]
WARNING: [Vivado 12-584] No ports matched 'BTN[0]'. [/afs/andrew.cmu.edu/usr21/eqian/private/18240/Lab5/RISC240.xdc:49]
WARNING: [Vivado 12-584] No ports matched 'BTN[1]'. [/afs/andrew.cmu.edu/usr21/eqian/private/18240/Lab5/RISC240.xdc:50]
WARNING: [Vivado 12-584] No ports matched 'BTN[2]'. [/afs/andrew.cmu.edu/usr21/eqian/private/18240/Lab5/RISC240.xdc:51]
WARNING: [Vivado 12-584] No ports matched 'BTN[3]'. [/afs/andrew.cmu.edu/usr21/eqian/private/18240/Lab5/RISC240.xdc:52]
WARNING: [Vivado 12-584] No ports matched 'RGB0[0]'. [/afs/andrew.cmu.edu/usr21/eqian/private/18240/Lab5/RISC240.xdc:55]
WARNING: [Vivado 12-584] No ports matched 'RGB0[1]'. [/afs/andrew.cmu.edu/usr21/eqian/private/18240/Lab5/RISC240.xdc:56]
WARNING: [Vivado 12-584] No ports matched 'RGB0[2]'. [/afs/andrew.cmu.edu/usr21/eqian/private/18240/Lab5/RISC240.xdc:57]
WARNING: [Vivado 12-584] No ports matched 'RGB1[0]'. [/afs/andrew.cmu.edu/usr21/eqian/private/18240/Lab5/RISC240.xdc:58]
WARNING: [Vivado 12-584] No ports matched 'RGB1[1]'. [/afs/andrew.cmu.edu/usr21/eqian/private/18240/Lab5/RISC240.xdc:59]
WARNING: [Vivado 12-584] No ports matched 'RGB1[2]'. [/afs/andrew.cmu.edu/usr21/eqian/private/18240/Lab5/RISC240.xdc:60]
WARNING: [Vivado 12-584] No ports matched 'D1_AN[0]'. [/afs/andrew.cmu.edu/usr21/eqian/private/18240/Lab5/RISC240.xdc:63]
WARNING: [Vivado 12-584] No ports matched 'D1_AN[1]'. [/afs/andrew.cmu.edu/usr21/eqian/private/18240/Lab5/RISC240.xdc:64]
WARNING: [Vivado 12-584] No ports matched 'D1_AN[2]'. [/afs/andrew.cmu.edu/usr21/eqian/private/18240/Lab5/RISC240.xdc:65]
WARNING: [Vivado 12-584] No ports matched 'D1_AN[3]'. [/afs/andrew.cmu.edu/usr21/eqian/private/18240/Lab5/RISC240.xdc:66]
WARNING: [Vivado 12-584] No ports matched 'D1_SEG[0]'. [/afs/andrew.cmu.edu/usr21/eqian/private/18240/Lab5/RISC240.xdc:67]
WARNING: [Vivado 12-584] No ports matched 'D1_SEG[1]'. [/afs/andrew.cmu.edu/usr21/eqian/private/18240/Lab5/RISC240.xdc:68]
WARNING: [Vivado 12-584] No ports matched 'D1_SEG[2]'. [/afs/andrew.cmu.edu/usr21/eqian/private/18240/Lab5/RISC240.xdc:69]
WARNING: [Vivado 12-584] No ports matched 'D1_SEG[3]'. [/afs/andrew.cmu.edu/usr21/eqian/private/18240/Lab5/RISC240.xdc:70]
WARNING: [Vivado 12-584] No ports matched 'D1_SEG[4]'. [/afs/andrew.cmu.edu/usr21/eqian/private/18240/Lab5/RISC240.xdc:71]
WARNING: [Vivado 12-584] No ports matched 'D1_SEG[5]'. [/afs/andrew.cmu.edu/usr21/eqian/private/18240/Lab5/RISC240.xdc:72]
WARNING: [Vivado 12-584] No ports matched 'D1_SEG[6]'. [/afs/andrew.cmu.edu/usr21/eqian/private/18240/Lab5/RISC240.xdc:73]
WARNING: [Vivado 12-584] No ports matched 'D1_SEG[7]'. [/afs/andrew.cmu.edu/usr21/eqian/private/18240/Lab5/RISC240.xdc:74]
WARNING: [Vivado 12-584] No ports matched 'D2_AN[0]'. [/afs/andrew.cmu.edu/usr21/eqian/private/18240/Lab5/RISC240.xdc:77]
WARNING: [Vivado 12-584] No ports matched 'D2_AN[1]'. [/afs/andrew.cmu.edu/usr21/eqian/private/18240/Lab5/RISC240.xdc:78]
WARNING: [Vivado 12-584] No ports matched 'D2_AN[2]'. [/afs/andrew.cmu.edu/usr21/eqian/private/18240/Lab5/RISC240.xdc:79]
WARNING: [Vivado 12-584] No ports matched 'D2_AN[3]'. [/afs/andrew.cmu.edu/usr21/eqian/private/18240/Lab5/RISC240.xdc:80]
WARNING: [Vivado 12-584] No ports matched 'D2_SEG[0]'. [/afs/andrew.cmu.edu/usr21/eqian/private/18240/Lab5/RISC240.xdc:81]
WARNING: [Vivado 12-584] No ports matched 'D2_SEG[1]'. [/afs/andrew.cmu.edu/usr21/eqian/private/18240/Lab5/RISC240.xdc:82]
WARNING: [Vivado 12-584] No ports matched 'D2_SEG[2]'. [/afs/andrew.cmu.edu/usr21/eqian/private/18240/Lab5/RISC240.xdc:83]
WARNING: [Vivado 12-584] No ports matched 'D2_SEG[3]'. [/afs/andrew.cmu.edu/usr21/eqian/private/18240/Lab5/RISC240.xdc:84]
WARNING: [Vivado 12-584] No ports matched 'D2_SEG[4]'. [/afs/andrew.cmu.edu/usr21/eqian/private/18240/Lab5/RISC240.xdc:85]
WARNING: [Vivado 12-584] No ports matched 'D2_SEG[5]'. [/afs/andrew.cmu.edu/usr21/eqian/private/18240/Lab5/RISC240.xdc:86]
WARNING: [Vivado 12-584] No ports matched 'D2_SEG[6]'. [/afs/andrew.cmu.edu/usr21/eqian/private/18240/Lab5/RISC240.xdc:87]
WARNING: [Vivado 12-584] No ports matched 'D2_SEG[7]'. [/afs/andrew.cmu.edu/usr21/eqian/private/18240/Lab5/RISC240.xdc:88]
WARNING: [Vivado 12-584] No ports matched 'UART_RXD'. [/afs/andrew.cmu.edu/usr21/eqian/private/18240/Lab5/RISC240.xdc:91]
WARNING: [Vivado 12-584] No ports matched 'UART_TXD'. [/afs/andrew.cmu.edu/usr21/eqian/private/18240/Lab5/RISC240.xdc:92]
WARNING: [Vivado 12-584] No ports matched 'HDMI_CLOCK_N'. [/afs/andrew.cmu.edu/usr21/eqian/private/18240/Lab5/RISC240.xdc:95]
WARNING: [Vivado 12-584] No ports matched 'HDMI_CLOCK_P'. [/afs/andrew.cmu.edu/usr21/eqian/private/18240/Lab5/RISC240.xdc:96]
WARNING: [Vivado 12-584] No ports matched 'HDMI_TX_N[0]'. [/afs/andrew.cmu.edu/usr21/eqian/private/18240/Lab5/RISC240.xdc:98]
WARNING: [Vivado 12-584] No ports matched 'HDMI_TX_N[1]'. [/afs/andrew.cmu.edu/usr21/eqian/private/18240/Lab5/RISC240.xdc:99]
WARNING: [Vivado 12-584] No ports matched 'HDMI_TX_N[2]'. [/afs/andrew.cmu.edu/usr21/eqian/private/18240/Lab5/RISC240.xdc:100]
WARNING: [Vivado 12-584] No ports matched 'HDMI_TX_P[0]'. [/afs/andrew.cmu.edu/usr21/eqian/private/18240/Lab5/RISC240.xdc:102]
WARNING: [Vivado 12-584] No ports matched 'HDMI_TX_P[1]'. [/afs/andrew.cmu.edu/usr21/eqian/private/18240/Lab5/RISC240.xdc:103]
WARNING: [Vivado 12-584] No ports matched 'HDMI_TX_P[2]'. [/afs/andrew.cmu.edu/usr21/eqian/private/18240/Lab5/RISC240.xdc:104]
WARNING: [Vivado 12-584] No ports matched 'left_audio_out'. [/afs/andrew.cmu.edu/usr21/eqian/private/18240/Lab5/RISC240.xdc:107]
WARNING: [Vivado 12-584] No ports matched 'right_audio_out'. [/afs/andrew.cmu.edu/usr21/eqian/private/18240/Lab5/RISC240.xdc:108]
WARNING: [Vivado 12-584] No ports matched 'BLE_UART_TX'. [/afs/andrew.cmu.edu/usr21/eqian/private/18240/Lab5/RISC240.xdc:111]
WARNING: [Vivado 12-584] No ports matched 'BLE_UART_RX'. [/afs/andrew.cmu.edu/usr21/eqian/private/18240/Lab5/RISC240.xdc:112]
WARNING: [Vivado 12-584] No ports matched 'BLE_UART_RTS'. [/afs/andrew.cmu.edu/usr21/eqian/private/18240/Lab5/RISC240.xdc:113]
WARNING: [Vivado 12-584] No ports matched 'BLE_UART_CTS'. [/afs/andrew.cmu.edu/usr21/eqian/private/18240/Lab5/RISC240.xdc:114]
WARNING: [Vivado 12-584] No ports matched 'SERVO0'. [/afs/andrew.cmu.edu/usr21/eqian/private/18240/Lab5/RISC240.xdc:117]
WARNING: [Vivado 12-584] No ports matched 'SERVO1'. [/afs/andrew.cmu.edu/usr21/eqian/private/18240/Lab5/RISC240.xdc:118]
WARNING: [Vivado 12-584] No ports matched 'SERVO2'. [/afs/andrew.cmu.edu/usr21/eqian/private/18240/Lab5/RISC240.xdc:119]
WARNING: [Vivado 12-584] No ports matched 'SERVO3'. [/afs/andrew.cmu.edu/usr21/eqian/private/18240/Lab5/RISC240.xdc:120]
WARNING: [Vivado 12-584] No ports matched 'GPIO0[0]'. [/afs/andrew.cmu.edu/usr21/eqian/private/18240/Lab5/RISC240.xdc:123]
CRITICAL WARNING: [Common 17-55] 'set_property' expects at least one object. [/afs/andrew.cmu.edu/usr21/eqian/private/18240/Lab5/RISC240.xdc:123]
Resolution: If [get_<value>] was used to populate the object, check to make sure this command returns at least one valid object.
WARNING: [Vivado 12-584] No ports matched 'GPIO0[1]'. [/afs/andrew.cmu.edu/usr21/eqian/private/18240/Lab5/RISC240.xdc:124]
CRITICAL WARNING: [Common 17-55] 'set_property' expects at least one object. [/afs/andrew.cmu.edu/usr21/eqian/private/18240/Lab5/RISC240.xdc:124]
Resolution: If [get_<value>] was used to populate the object, check to make sure this command returns at least one valid object.
WARNING: [Vivado 12-584] No ports matched 'GPIO0[2]'. [/afs/andrew.cmu.edu/usr21/eqian/private/18240/Lab5/RISC240.xdc:125]
CRITICAL WARNING: [Common 17-55] 'set_property' expects at least one object. [/afs/andrew.cmu.edu/usr21/eqian/private/18240/Lab5/RISC240.xdc:125]
Resolution: If [get_<value>] was used to populate the object, check to make sure this command returns at least one valid object.
WARNING: [Vivado 12-584] No ports matched 'GPIO0[3]'. [/afs/andrew.cmu.edu/usr21/eqian/private/18240/Lab5/RISC240.xdc:126]
CRITICAL WARNING: [Common 17-55] 'set_property' expects at least one object. [/afs/andrew.cmu.edu/usr21/eqian/private/18240/Lab5/RISC240.xdc:126]
Resolution: If [get_<value>] was used to populate the object, check to make sure this command returns at least one valid object.
WARNING: [Vivado 12-584] No ports matched 'GPIO0[4]'. [/afs/andrew.cmu.edu/usr21/eqian/private/18240/Lab5/RISC240.xdc:127]
CRITICAL WARNING: [Common 17-55] 'set_property' expects at least one object. [/afs/andrew.cmu.edu/usr21/eqian/private/18240/Lab5/RISC240.xdc:127]
Resolution: If [get_<value>] was used to populate the object, check to make sure this command returns at least one valid object.
WARNING: [Vivado 12-584] No ports matched 'GPIO0[5]'. [/afs/andrew.cmu.edu/usr21/eqian/private/18240/Lab5/RISC240.xdc:128]
CRITICAL WARNING: [Common 17-55] 'set_property' expects at least one object. [/afs/andrew.cmu.edu/usr21/eqian/private/18240/Lab5/RISC240.xdc:128]
Resolution: If [get_<value>] was used to populate the object, check to make sure this command returns at least one valid object.
WARNING: [Vivado 12-584] No ports matched 'GPIO1[0]'. [/afs/andrew.cmu.edu/usr21/eqian/private/18240/Lab5/RISC240.xdc:131]
CRITICAL WARNING: [Common 17-55] 'set_property' expects at least one object. [/afs/andrew.cmu.edu/usr21/eqian/private/18240/Lab5/RISC240.xdc:131]
Resolution: If [get_<value>] was used to populate the object, check to make sure this command returns at least one valid object.
WARNING: [Vivado 12-584] No ports matched 'GPIO1[1]'. [/afs/andrew.cmu.edu/usr21/eqian/private/18240/Lab5/RISC240.xdc:132]
CRITICAL WARNING: [Common 17-55] 'set_property' expects at least one object. [/afs/andrew.cmu.edu/usr21/eqian/private/18240/Lab5/RISC240.xdc:132]
Resolution: If [get_<value>] was used to populate the object, check to make sure this command returns at least one valid object.
WARNING: [Vivado 12-584] No ports matched 'GPIO1[2]'. [/afs/andrew.cmu.edu/usr21/eqian/private/18240/Lab5/RISC240.xdc:133]
CRITICAL WARNING: [Common 17-55] 'set_property' expects at least one object. [/afs/andrew.cmu.edu/usr21/eqian/private/18240/Lab5/RISC240.xdc:133]
Resolution: If [get_<value>] was used to populate the object, check to make sure this command returns at least one valid object.
WARNING: [Vivado 12-584] No ports matched 'GPIO1[3]'. [/afs/andrew.cmu.edu/usr21/eqian/private/18240/Lab5/RISC240.xdc:134]
CRITICAL WARNING: [Common 17-55] 'set_property' expects at least one object. [/afs/andrew.cmu.edu/usr21/eqian/private/18240/Lab5/RISC240.xdc:134]
Resolution: If [get_<value>] was used to populate the object, check to make sure this command returns at least one valid object.
WARNING: [Vivado 12-584] No ports matched 'GPIO1[4]'. [/afs/andrew.cmu.edu/usr21/eqian/private/18240/Lab5/RISC240.xdc:135]
CRITICAL WARNING: [Common 17-55] 'set_property' expects at least one object. [/afs/andrew.cmu.edu/usr21/eqian/private/18240/Lab5/RISC240.xdc:135]
Resolution: If [get_<value>] was used to populate the object, check to make sure this command returns at least one valid object.
WARNING: [Vivado 12-584] No ports matched 'GPIO1[5]'. [/afs/andrew.cmu.edu/usr21/eqian/private/18240/Lab5/RISC240.xdc:136]
INFO: [Common 17-14] Message 'Vivado 12-584' appears 100 times and further instances of the messages will be disabled. Use the Tcl command set_msg_config to change the current settings. [/afs/andrew.cmu.edu/usr21/eqian/private/18240/Lab5/RISC240.xdc:136]
CRITICAL WARNING: [Common 17-55] 'set_property' expects at least one object. [/afs/andrew.cmu.edu/usr21/eqian/private/18240/Lab5/RISC240.xdc:136]
Resolution: If [get_<value>] was used to populate the object, check to make sure this command returns at least one valid object.
Finished Parsing XDC File [/afs/andrew.cmu.edu/usr21/eqian/private/18240/Lab5/RISC240.xdc]
INFO: [Opt 31-138] Pushed 0 inverter(s) to 0 load pin(s).
Netlist sorting complete. Time (s): cpu = 00:00:00 ; elapsed = 00:00:00 . Memory (MB): peak = 9938.988 ; gain = 0.000 ; free physical = 6781 ; free virtual = 36433
INFO: [Project 1-111] Unisim Transformation Summary:
No Unisim elements were transformed.

open_run: Time (s): cpu = 00:00:28 ; elapsed = 00:00:26 . Memory (MB): peak = 9938.988 ; gain = 0.000 ; free physical = 6766 ; free virtual = 36427
launch_runs impl_1 -jobs 20
INFO: [Timing 38-480] Writing timing data to binary archive.
Write ShapeDB Complete: Time (s): cpu = 00:00:00.01 ; elapsed = 00:00:00.01 . Memory (MB): peak = 9975.992 ; gain = 0.000 ; free physical = 6739 ; free virtual = 36392
[Wed Apr 15 20:11:13 2026] Launched impl_1...
Run output will be captured here: /afs/andrew.cmu.edu/usr21/eqian/private/18240/Lab5/Lab5_project1/Lab5_project1.runs/impl_1/runme.log
launch_runs: Time (s): cpu = 00:00:03 ; elapsed = 00:00:07 . Memory (MB): peak = 9999.875 ; gain = 50.863 ; free physical = 6728 ; free virtual = 36380
exit
INFO: [Common 17-206] Exiting Vivado at Wed Apr 15 20:18:27 2026...
