Copyright 1986-2022 Xilinx, Inc. All Rights Reserved. Copyright 2022-2024 Advanced Micro Devices, Inc. All Rights Reserved.
---------------------------------------------------------------------------------------------------------------------------------------------------------------------------------------------------------------------------
| Tool Version : Vivado v.2024.2 (lin64) Build 5239630 Fri Nov 08 22:34:34 MST 2024
| Date         : Wed Apr 15 20:15:48 2026
| Host         : hh-1305-02.lan.local.cmu.edu running 64-bit Red Hat Enterprise Linux release 8.10 (Ootpa)
| Command      : report_timing_summary -max_paths 10 -report_unconstrained -file Multiplier_timing_summary_routed.rpt -pb Multiplier_timing_summary_routed.pb -rpx Multiplier_timing_summary_routed.rpx -warn_on_violation
| Design       : Multiplier
| Device       : 7s50-csga324
| Speed File   : -1  PRODUCTION 1.23 2018-06-13
| Design State : Routed
---------------------------------------------------------------------------------------------------------------------------------------------------------------------------------------------------------------------------

Timing Summary Report

------------------------------------------------------------------------------------------------
| Timer Settings
| --------------
------------------------------------------------------------------------------------------------

  Enable Multi Corner Analysis               :  Yes
  Enable Pessimism Removal                   :  Yes
  Pessimism Removal Resolution               :  Nearest Common Node
  Enable Input Delay Default Clock           :  No
  Enable Preset / Clear Arcs                 :  No
  Disable Flight Delays                      :  No
  Ignore I/O Paths                           :  No
  Timing Early Launch at Borrowing Latches   :  No
  Borrow Time for Max Delay Exceptions       :  Yes
  Merge Timing Exceptions                    :  Yes
  Inter-SLR Compensation                     :  Conservative

  Corner  Analyze    Analyze    
  Name    Max Paths  Min Paths  
  ------  ---------  ---------  
  Slow    Yes        Yes        
  Fast    Yes        Yes        


------------------------------------------------------------------------------------------------
| Report Methodology
| ------------------
------------------------------------------------------------------------------------------------

Rule       Severity          Description                  Violations  
---------  ----------------  ---------------------------  ----------  
TIMING-17  Critical Warning  Non-clocked sequential cell  64          

Note: This report is based on the most recent report_methodology run and may not be up-to-date. Run report_methodology on the current design for the latest report.



check_timing report

Table of Contents
-----------------
1. checking no_clock (64)
2. checking constant_clock (0)
3. checking pulse_width_clock (0)
4. checking unconstrained_internal_endpoints (160)
5. checking no_input_delay (18)
6. checking no_output_delay (19)
7. checking multiple_clock (0)
8. checking generated_clocks (0)
9. checking loops (0)
10. checking partial_input_delay (0)
11. checking partial_output_delay (0)
12. checking latch_loops (0)

1. checking no_clock (64)
-------------------------
 There are 64 register/latch pins with no clock driven by root clock pin: clock (HIGH)


2. checking constant_clock (0)
------------------------------
 There are 0 register/latch pins with constant_clock.


3. checking pulse_width_clock (0)
---------------------------------
 There are 0 register/latch pins which need pulse_width check


4. checking unconstrained_internal_endpoints (160)
--------------------------------------------------
 There are 160 pins that are not constrained for maximum delay. (HIGH)

 There are 0 pins that are not constrained for maximum delay due to constant clock.


5. checking no_input_delay (18)
-------------------------------
 There are 18 input ports with no input delay specified. (HIGH)

 There are 0 input ports with no input delay but user has a false path constraint.


6. checking no_output_delay (19)
--------------------------------
 There are 19 ports with no output delay specified. (HIGH)

 There are 0 ports with no output delay but user has a false path constraint

 There are 0 ports with no output delay but with a timing clock defined on it or propagating through it


7. checking multiple_clock (0)
------------------------------
 There are 0 register/latch pins with multiple clocks.


8. checking generated_clocks (0)
--------------------------------
 There are 0 generated clocks that are not connected to a clock source.


9. checking loops (0)
---------------------
 There are 0 combinational loops in the design.


10. checking partial_input_delay (0)
------------------------------------
 There are 0 input ports with partial input delay specified.


11. checking partial_output_delay (0)
-------------------------------------
 There are 0 ports with partial output delay specified.


12. checking latch_loops (0)
----------------------------
 There are 0 combinational latch loops in the design through latch input



------------------------------------------------------------------------------------------------
| Design Timing Summary
| ---------------------
------------------------------------------------------------------------------------------------

    WNS(ns)      TNS(ns)  TNS Failing Endpoints  TNS Total Endpoints      WHS(ns)      THS(ns)  THS Failing Endpoints  THS Total Endpoints     WPWS(ns)     TPWS(ns)  TPWS Failing Endpoints  TPWS Total Endpoints  
    -------      -------  ---------------------  -------------------      -------      -------  ---------------------  -------------------     --------     --------  ----------------------  --------------------  
        inf        0.000                      0                  179          inf        0.000                      0                  179           NA           NA                      NA                    NA  


There are no user specified timing constraints.


------------------------------------------------------------------------------------------------
| Clock Summary
| -------------
------------------------------------------------------------------------------------------------


------------------------------------------------------------------------------------------------
| Intra Clock Table
| -----------------
------------------------------------------------------------------------------------------------

Clock             WNS(ns)      TNS(ns)  TNS Failing Endpoints  TNS Total Endpoints      WHS(ns)      THS(ns)  THS Failing Endpoints  THS Total Endpoints     WPWS(ns)     TPWS(ns)  TPWS Failing Endpoints  TPWS Total Endpoints  
-----             -------      -------  ---------------------  -------------------      -------      -------  ---------------------  -------------------     --------     --------  ----------------------  --------------------  


------------------------------------------------------------------------------------------------
| Inter Clock Table
| -----------------
------------------------------------------------------------------------------------------------

From Clock    To Clock          WNS(ns)      TNS(ns)  TNS Failing Endpoints  TNS Total Endpoints      WHS(ns)      THS(ns)  THS Failing Endpoints  THS Total Endpoints  
----------    --------          -------      -------  ---------------------  -------------------      -------      -------  ---------------------  -------------------  


------------------------------------------------------------------------------------------------
| Other Path Groups Table
| -----------------------
------------------------------------------------------------------------------------------------

Path Group    From Clock    To Clock          WNS(ns)      TNS(ns)  TNS Failing Endpoints  TNS Total Endpoints      WHS(ns)      THS(ns)  THS Failing Endpoints  THS Total Endpoints  
----------    ----------    --------          -------      -------  ---------------------  -------------------      -------      -------  ---------------------  -------------------  


------------------------------------------------------------------------------------------------
| User Ignored Path Table
| -----------------------
------------------------------------------------------------------------------------------------

Path Group    From Clock    To Clock    
----------    ----------    --------    


------------------------------------------------------------------------------------------------
| Unconstrained Path Table
| ------------------------
------------------------------------------------------------------------------------------------

Path Group    From Clock    To Clock    
----------    ----------    --------    
(none)                                    


------------------------------------------------------------------------------------------------
| Timing Details
| --------------
------------------------------------------------------------------------------------------------


--------------------------------------------------------------------------------------
Path Group:  (none)
From Clock:  
  To Clock:  

Max Delay           179 Endpoints
Min Delay           179 Endpoints
--------------------------------------------------------------------------------------


Max Delay Paths
--------------------------------------------------------------------------------------
Slack:                    inf
  Source:                 PStore/Q_reg[1]/C
                            (rising edge-triggered cell FDRE)
  Destination:            ZN_flags[1]
                            (output port)
  Path Group:             (none)
  Path Type:              Max at Slow Process Corner
  Data Path Delay:        9.051ns  (logic 4.576ns (50.561%)  route 4.475ns (49.439%))
  Logic Levels:           7  (CARRY4=2 FDRE=1 LUT1=1 LUT6=2 OBUF=1)

    Location             Delay type                Incr(ns)  Path(ns)    Netlist Resource(s)
  -------------------------------------------------------------------    -------------------
    SLICE_X4Y15          FDRE                         0.000     0.000 r  PStore/Q_reg[1]/C
    SLICE_X4Y15          FDRE (Prop_fdre_C_Q)         0.419     0.419 f  PStore/Q_reg[1]/Q
                         net (fo=5, routed)           1.069     1.488    PStore/Q_reg[14]_0[0]
    SLICE_X2Y14          LUT1 (Prop_lut1_I0_O)        0.297     1.785 r  PStore/out_OBUF[4]_inst_i_7/O
                         net (fo=1, routed)           0.000     1.785    PStore/out_OBUF[4]_inst_i_7_n_0
    SLICE_X2Y14          CARRY4 (Prop_carry4_S[0]_CO[3])
                                                      0.513     2.298 r  PStore/out_OBUF[4]_inst_i_2/CO[3]
                         net (fo=1, routed)           0.000     2.298    PStore/out_OBUF[4]_inst_i_2_n_0
    SLICE_X2Y15          CARRY4 (Prop_carry4_CI_O[3])
                                                      0.315     2.613 f  PStore/out_OBUF[8]_inst_i_2/O[3]
                         net (fo=2, routed)           1.126     3.740    PStore/out_OBUF[8]_inst_i_2_n_4
    SLICE_X4Y16          LUT6 (Prop_lut6_I5_O)        0.307     4.047 r  PStore/ZN_flags_OBUF[1]_inst_i_4/O
                         net (fo=1, routed)           0.583     4.629    PStore/ZN_flags_OBUF[1]_inst_i_4_n_0
    SLICE_X1Y16          LUT6 (Prop_lut6_I2_O)        0.124     4.753 r  PStore/ZN_flags_OBUF[1]_inst_i_1/O
                         net (fo=1, routed)           1.697     6.450    ZN_flags_OBUF[1]
    V17                  OBUF (Prop_obuf_I_O)         2.601     9.051 r  ZN_flags_OBUF[1]_inst/O
                         net (fo=0)                   0.000     9.051    ZN_flags[1]
    V17                                                               r  ZN_flags[1] (OUT)
  -------------------------------------------------------------------    -------------------

Slack:                    inf
  Source:                 PStore/Q_reg[1]/C
                            (rising edge-triggered cell FDRE)
  Destination:            out[8]
                            (output port)
  Path Group:             (none)
  Path Type:              Max at Slow Process Corner
  Data Path Delay:        8.786ns  (logic 4.690ns (53.373%)  route 4.097ns (46.627%))
  Logic Levels:           6  (CARRY4=2 FDRE=1 LUT1=1 LUT3=1 OBUF=1)

    Location             Delay type                Incr(ns)  Path(ns)    Netlist Resource(s)
  -------------------------------------------------------------------    -------------------
    SLICE_X4Y15          FDRE                         0.000     0.000 r  PStore/Q_reg[1]/C
    SLICE_X4Y15          FDRE (Prop_fdre_C_Q)         0.419     0.419 f  PStore/Q_reg[1]/Q
                         net (fo=5, routed)           1.069     1.488    PStore/Q_reg[14]_0[0]
    SLICE_X2Y14          LUT1 (Prop_lut1_I0_O)        0.297     1.785 r  PStore/out_OBUF[4]_inst_i_7/O
                         net (fo=1, routed)           0.000     1.785    PStore/out_OBUF[4]_inst_i_7_n_0
    SLICE_X2Y14          CARRY4 (Prop_carry4_S[0]_CO[3])
                                                      0.513     2.298 r  PStore/out_OBUF[4]_inst_i_2/CO[3]
                         net (fo=1, routed)           0.000     2.298    PStore/out_OBUF[4]_inst_i_2_n_0
    SLICE_X2Y15          CARRY4 (Prop_carry4_CI_O[3])
                                                      0.315     2.613 r  PStore/out_OBUF[8]_inst_i_2/O[3]
                         net (fo=2, routed)           0.976     3.590    PStore/out_OBUF[8]_inst_i_2_n_4
    SLICE_X4Y15          LUT3 (Prop_lut3_I0_O)        0.335     3.925 r  PStore/out_OBUF[8]_inst_i_1/O
                         net (fo=1, routed)           2.051     5.976    out_OBUF[8]
    U12                  OBUF (Prop_obuf_I_O)         2.811     8.786 r  out_OBUF[8]_inst/O
                         net (fo=0)                   0.000     8.786    out[8]
    U12                                                               r  out[8] (OUT)
  -------------------------------------------------------------------    -------------------

Slack:                    inf
  Source:                 PStore/Q_reg[1]/C
                            (rising edge-triggered cell FDRE)
  Destination:            out[6]
                            (output port)
  Path Group:             (none)
  Path Type:              Max at Slow Process Corner
  Data Path Delay:        8.662ns  (logic 4.671ns (53.923%)  route 3.991ns (46.077%))
  Logic Levels:           6  (CARRY4=2 FDRE=1 LUT1=1 LUT3=1 OBUF=1)

    Location             Delay type                Incr(ns)  Path(ns)    Netlist Resource(s)
  -------------------------------------------------------------------    -------------------
    SLICE_X4Y15          FDRE                         0.000     0.000 r  PStore/Q_reg[1]/C
    SLICE_X4Y15          FDRE (Prop_fdre_C_Q)         0.419     0.419 f  PStore/Q_reg[1]/Q
                         net (fo=5, routed)           1.069     1.488    PStore/Q_reg[14]_0[0]
    SLICE_X2Y14          LUT1 (Prop_lut1_I0_O)        0.297     1.785 r  PStore/out_OBUF[4]_inst_i_7/O
                         net (fo=1, routed)           0.000     1.785    PStore/out_OBUF[4]_inst_i_7_n_0
    SLICE_X2Y14          CARRY4 (Prop_carry4_S[0]_CO[3])
                                                      0.513     2.298 r  PStore/out_OBUF[4]_inst_i_2/CO[3]
                         net (fo=1, routed)           0.000     2.298    PStore/out_OBUF[4]_inst_i_2_n_0
    SLICE_X2Y15          CARRY4 (Prop_carry4_CI_O[1])
                                                      0.323     2.621 r  PStore/out_OBUF[8]_inst_i_2/O[1]
                         net (fo=2, routed)           0.816     3.437    PStore/out_OBUF[8]_inst_i_2_n_6
    SLICE_X4Y15          LUT3 (Prop_lut3_I0_O)        0.332     3.769 r  PStore/out_OBUF[6]_inst_i_1/O
                         net (fo=1, routed)           2.106     5.875    out_OBUF[6]
    T12                  OBUF (Prop_obuf_I_O)         2.787     8.662 r  out_OBUF[6]_inst/O
                         net (fo=0)                   0.000     8.662    out[6]
    T12                                                               r  out[6] (OUT)
  -------------------------------------------------------------------    -------------------

Slack:                    inf
  Source:                 PStore/Q_reg[1]/C
                            (rising edge-triggered cell FDRE)
  Destination:            out[14]
                            (output port)
  Path Group:             (none)
  Path Type:              Max at Slow Process Corner
  Data Path Delay:        8.641ns  (logic 4.925ns (56.995%)  route 3.716ns (43.005%))
  Logic Levels:           8  (CARRY4=4 FDRE=1 LUT1=1 LUT3=1 OBUF=1)

    Location             Delay type                Incr(ns)  Path(ns)    Netlist Resource(s)
  -------------------------------------------------------------------    -------------------
    SLICE_X4Y15          FDRE                         0.000     0.000 r  PStore/Q_reg[1]/C
    SLICE_X4Y15          FDRE (Prop_fdre_C_Q)         0.419     0.419 f  PStore/Q_reg[1]/Q
                         net (fo=5, routed)           1.069     1.488    PStore/Q_reg[14]_0[0]
    SLICE_X2Y14          LUT1 (Prop_lut1_I0_O)        0.297     1.785 r  PStore/out_OBUF[4]_inst_i_7/O
                         net (fo=1, routed)           0.000     1.785    PStore/out_OBUF[4]_inst_i_7_n_0
    SLICE_X2Y14          CARRY4 (Prop_carry4_S[0]_CO[3])
                                                      0.513     2.298 r  PStore/out_OBUF[4]_inst_i_2/CO[3]
                         net (fo=1, routed)           0.000     2.298    PStore/out_OBUF[4]_inst_i_2_n_0
    SLICE_X2Y15          CARRY4 (Prop_carry4_CI_CO[3])
                                                      0.117     2.415 r  PStore/out_OBUF[8]_inst_i_2/CO[3]
                         net (fo=1, routed)           0.000     2.415    PStore/out_OBUF[8]_inst_i_2_n_0
    SLICE_X2Y16          CARRY4 (Prop_carry4_CI_CO[3])
                                                      0.117     2.532 r  PStore/out_OBUF[12]_inst_i_2/CO[3]
                         net (fo=1, routed)           0.000     2.532    PStore/out_OBUF[12]_inst_i_2_n_0
    SLICE_X2Y17          CARRY4 (Prop_carry4_CI_O[1])
                                                      0.323     2.855 r  PStore/ZN_flags_OBUF[0]_inst_i_2/O[1]
                         net (fo=2, routed)           0.835     3.690    PStore/ZN_flags_OBUF[0]_inst_i_2_n_6
    SLICE_X0Y16          LUT3 (Prop_lut3_I0_O)        0.334     4.024 r  PStore/out_OBUF[14]_inst_i_1/O
                         net (fo=1, routed)           1.812     5.836    out_OBUF[14]
    U15                  OBUF (Prop_obuf_I_O)         2.805     8.641 r  out_OBUF[14]_inst/O
                         net (fo=0)                   0.000     8.641    out[14]
    U15                                                               r  out[14] (OUT)
  -------------------------------------------------------------------    -------------------

Slack:                    inf
  Source:                 PStore/Q_reg[1]/C
                            (rising edge-triggered cell FDRE)
  Destination:            ZN_flags[0]
                            (output port)
  Path Group:             (none)
  Path Type:              Max at Slow Process Corner
  Data Path Delay:        8.387ns  (logic 4.825ns (57.531%)  route 3.562ns (42.469%))
  Logic Levels:           8  (CARRY4=4 FDRE=1 LUT1=1 LUT4=1 OBUF=1)

    Location             Delay type                Incr(ns)  Path(ns)    Netlist Resource(s)
  -------------------------------------------------------------------    -------------------
    SLICE_X4Y15          FDRE                         0.000     0.000 r  PStore/Q_reg[1]/C
    SLICE_X4Y15          FDRE (Prop_fdre_C_Q)         0.419     0.419 f  PStore/Q_reg[1]/Q
                         net (fo=5, routed)           1.069     1.488    PStore/Q_reg[14]_0[0]
    SLICE_X2Y14          LUT1 (Prop_lut1_I0_O)        0.297     1.785 r  PStore/out_OBUF[4]_inst_i_7/O
                         net (fo=1, routed)           0.000     1.785    PStore/out_OBUF[4]_inst_i_7_n_0
    SLICE_X2Y14          CARRY4 (Prop_carry4_S[0]_CO[3])
                                                      0.513     2.298 r  PStore/out_OBUF[4]_inst_i_2/CO[3]
                         net (fo=1, routed)           0.000     2.298    PStore/out_OBUF[4]_inst_i_2_n_0
    SLICE_X2Y15          CARRY4 (Prop_carry4_CI_CO[3])
                                                      0.117     2.415 r  PStore/out_OBUF[8]_inst_i_2/CO[3]
                         net (fo=1, routed)           0.000     2.415    PStore/out_OBUF[8]_inst_i_2_n_0
    SLICE_X2Y16          CARRY4 (Prop_carry4_CI_CO[3])
                                                      0.117     2.532 r  PStore/out_OBUF[12]_inst_i_2/CO[3]
                         net (fo=1, routed)           0.000     2.532    PStore/out_OBUF[12]_inst_i_2_n_0
    SLICE_X2Y17          CARRY4 (Prop_carry4_CI_O[2])
                                                      0.239     2.771 r  PStore/ZN_flags_OBUF[0]_inst_i_2/O[2]
                         net (fo=3, routed)           0.814     3.585    PStore/ZN_flags_OBUF[0]_inst_i_2_n_5
    SLICE_X0Y16          LUT4 (Prop_lut4_I1_O)        0.329     3.914 r  PStore/ZN_flags_OBUF[0]_inst_i_1/O
                         net (fo=1, routed)           1.679     5.593    ZN_flags_OBUF[0]
    R15                  OBUF (Prop_obuf_I_O)         2.794     8.387 r  ZN_flags_OBUF[0]_inst/O
                         net (fo=0)                   0.000     8.387    ZN_flags[0]
    R15                                                               r  ZN_flags[0] (OUT)
  -------------------------------------------------------------------    -------------------

Slack:                    inf
  Source:                 PStore/Q_reg[1]/C
                            (rising edge-triggered cell FDRE)
  Destination:            out[10]
                            (output port)
  Path Group:             (none)
  Path Type:              Max at Slow Process Corner
  Data Path Delay:        8.280ns  (logic 4.777ns (57.694%)  route 3.503ns (42.306%))
  Logic Levels:           7  (CARRY4=3 FDRE=1 LUT1=1 LUT3=1 OBUF=1)

    Location             Delay type                Incr(ns)  Path(ns)    Netlist Resource(s)
  -------------------------------------------------------------------    -------------------
    SLICE_X4Y15          FDRE                         0.000     0.000 r  PStore/Q_reg[1]/C
    SLICE_X4Y15          FDRE (Prop_fdre_C_Q)         0.419     0.419 f  PStore/Q_reg[1]/Q
                         net (fo=5, routed)           1.069     1.488    PStore/Q_reg[14]_0[0]
    SLICE_X2Y14          LUT1 (Prop_lut1_I0_O)        0.297     1.785 r  PStore/out_OBUF[4]_inst_i_7/O
                         net (fo=1, routed)           0.000     1.785    PStore/out_OBUF[4]_inst_i_7_n_0
    SLICE_X2Y14          CARRY4 (Prop_carry4_S[0]_CO[3])
                                                      0.513     2.298 r  PStore/out_OBUF[4]_inst_i_2/CO[3]
                         net (fo=1, routed)           0.000     2.298    PStore/out_OBUF[4]_inst_i_2_n_0
    SLICE_X2Y15          CARRY4 (Prop_carry4_CI_CO[3])
                                                      0.117     2.415 r  PStore/out_OBUF[8]_inst_i_2/CO[3]
                         net (fo=1, routed)           0.000     2.415    PStore/out_OBUF[8]_inst_i_2_n_0
    SLICE_X2Y16          CARRY4 (Prop_carry4_CI_O[1])
                                                      0.323     2.738 r  PStore/out_OBUF[12]_inst_i_2/O[1]
                         net (fo=2, routed)           0.554     3.292    PStore/out_OBUF[12]_inst_i_2_n_6
    SLICE_X1Y16          LUT3 (Prop_lut3_I0_O)        0.301     3.593 r  PStore/out_OBUF[10]_inst_i_1/O
                         net (fo=1, routed)           1.880     5.473    out_OBUF[10]
    V14                  OBUF (Prop_obuf_I_O)         2.807     8.280 r  out_OBUF[10]_inst/O
                         net (fo=0)                   0.000     8.280    out[10]
    V14                                                               r  out[10] (OUT)
  -------------------------------------------------------------------    -------------------

Slack:                    inf
  Source:                 PStore/Q_reg[1]/C
                            (rising edge-triggered cell FDRE)
  Destination:            out[4]
                            (output port)
  Path Group:             (none)
  Path Type:              Max at Slow Process Corner
  Data Path Delay:        8.266ns  (logic 4.465ns (54.019%)  route 3.801ns (45.981%))
  Logic Levels:           5  (CARRY4=1 FDRE=1 LUT1=1 LUT3=1 OBUF=1)

    Location             Delay type                Incr(ns)  Path(ns)    Netlist Resource(s)
  -------------------------------------------------------------------    -------------------
    SLICE_X4Y15          FDRE                         0.000     0.000 r  PStore/Q_reg[1]/C
    SLICE_X4Y15          FDRE (Prop_fdre_C_Q)         0.419     0.419 f  PStore/Q_reg[1]/Q
                         net (fo=5, routed)           1.069     1.488    PStore/Q_reg[14]_0[0]
    SLICE_X2Y14          LUT1 (Prop_lut1_I0_O)        0.297     1.785 r  PStore/out_OBUF[4]_inst_i_7/O
                         net (fo=1, routed)           0.000     1.785    PStore/out_OBUF[4]_inst_i_7_n_0
    SLICE_X2Y14          CARRY4 (Prop_carry4_S[0]_O[3])
                                                      0.608     2.393 r  PStore/out_OBUF[4]_inst_i_2/O[3]
                         net (fo=2, routed)           0.674     3.067    PStore/out_OBUF[4]_inst_i_2_n_4
    SLICE_X3Y14          LUT3 (Prop_lut3_I0_O)        0.335     3.402 r  PStore/out_OBUF[4]_inst_i_1/O
                         net (fo=1, routed)           2.057     5.460    out_OBUF[4]
    R11                  OBUF (Prop_obuf_I_O)         2.806     8.266 r  out_OBUF[4]_inst/O
                         net (fo=0)                   0.000     8.266    out[4]
    R11                                                               r  out[4] (OUT)
  -------------------------------------------------------------------    -------------------

Slack:                    inf
  Source:                 PStore/Q_reg[1]/C
                            (rising edge-triggered cell FDRE)
  Destination:            out[9]
                            (output port)
  Path Group:             (none)
  Path Type:              Max at Slow Process Corner
  Data Path Delay:        8.240ns  (logic 4.459ns (54.115%)  route 3.781ns (45.885%))
  Logic Levels:           7  (CARRY4=3 FDRE=1 LUT1=1 LUT3=1 OBUF=1)

    Location             Delay type                Incr(ns)  Path(ns)    Netlist Resource(s)
  -------------------------------------------------------------------    -------------------
    SLICE_X4Y15          FDRE                         0.000     0.000 r  PStore/Q_reg[1]/C
    SLICE_X4Y15          FDRE (Prop_fdre_C_Q)         0.419     0.419 f  PStore/Q_reg[1]/Q
                         net (fo=5, routed)           1.069     1.488    PStore/Q_reg[14]_0[0]
    SLICE_X2Y14          LUT1 (Prop_lut1_I0_O)        0.297     1.785 r  PStore/out_OBUF[4]_inst_i_7/O
                         net (fo=1, routed)           0.000     1.785    PStore/out_OBUF[4]_inst_i_7_n_0
    SLICE_X2Y14          CARRY4 (Prop_carry4_S[0]_CO[3])
                                                      0.513     2.298 r  PStore/out_OBUF[4]_inst_i_2/CO[3]
                         net (fo=1, routed)           0.000     2.298    PStore/out_OBUF[4]_inst_i_2_n_0
    SLICE_X2Y15          CARRY4 (Prop_carry4_CI_CO[3])
                                                      0.117     2.415 r  PStore/out_OBUF[8]_inst_i_2/CO[3]
                         net (fo=1, routed)           0.000     2.415    PStore/out_OBUF[8]_inst_i_2_n_0
    SLICE_X2Y16          CARRY4 (Prop_carry4_CI_O[0])
                                                      0.219     2.634 r  PStore/out_OBUF[12]_inst_i_2/O[0]
                         net (fo=2, routed)           0.819     3.453    PStore/out_OBUF[12]_inst_i_2_n_7
    SLICE_X1Y16          LUT3 (Prop_lut3_I0_O)        0.295     3.748 r  PStore/out_OBUF[9]_inst_i_1/O
                         net (fo=1, routed)           1.893     5.641    out_OBUF[9]
    V15                  OBUF (Prop_obuf_I_O)         2.599     8.240 r  out_OBUF[9]_inst/O
                         net (fo=0)                   0.000     8.240    out[9]
    V15                                                               r  out[9] (OUT)
  -------------------------------------------------------------------    -------------------

Slack:                    inf
  Source:                 PStore/Q_reg[1]/C
                            (rising edge-triggered cell FDRE)
  Destination:            out[13]
                            (output port)
  Path Group:             (none)
  Path Type:              Max at Slow Process Corner
  Data Path Delay:        8.228ns  (logic 4.579ns (55.653%)  route 3.649ns (44.347%))
  Logic Levels:           8  (CARRY4=4 FDRE=1 LUT1=1 LUT3=1 OBUF=1)

    Location             Delay type                Incr(ns)  Path(ns)    Netlist Resource(s)
  -------------------------------------------------------------------    -------------------
    SLICE_X4Y15          FDRE                         0.000     0.000 r  PStore/Q_reg[1]/C
    SLICE_X4Y15          FDRE (Prop_fdre_C_Q)         0.419     0.419 f  PStore/Q_reg[1]/Q
                         net (fo=5, routed)           1.069     1.488    PStore/Q_reg[14]_0[0]
    SLICE_X2Y14          LUT1 (Prop_lut1_I0_O)        0.297     1.785 r  PStore/out_OBUF[4]_inst_i_7/O
                         net (fo=1, routed)           0.000     1.785    PStore/out_OBUF[4]_inst_i_7_n_0
    SLICE_X2Y14          CARRY4 (Prop_carry4_S[0]_CO[3])
                                                      0.513     2.298 r  PStore/out_OBUF[4]_inst_i_2/CO[3]
                         net (fo=1, routed)           0.000     2.298    PStore/out_OBUF[4]_inst_i_2_n_0
    SLICE_X2Y15          CARRY4 (Prop_carry4_CI_CO[3])
                                                      0.117     2.415 r  PStore/out_OBUF[8]_inst_i_2/CO[3]
                         net (fo=1, routed)           0.000     2.415    PStore/out_OBUF[8]_inst_i_2_n_0
    SLICE_X2Y16          CARRY4 (Prop_carry4_CI_CO[3])
                                                      0.117     2.532 r  PStore/out_OBUF[12]_inst_i_2/CO[3]
                         net (fo=1, routed)           0.000     2.532    PStore/out_OBUF[12]_inst_i_2_n_0
    SLICE_X2Y17          CARRY4 (Prop_carry4_CI_O[0])
                                                      0.219     2.751 r  PStore/ZN_flags_OBUF[0]_inst_i_2/O[0]
                         net (fo=2, routed)           0.855     3.606    PStore/ZN_flags_OBUF[0]_inst_i_2_n_7
    SLICE_X0Y16          LUT3 (Prop_lut3_I0_O)        0.295     3.901 r  PStore/out_OBUF[13]_inst_i_1/O
                         net (fo=1, routed)           1.725     5.626    out_OBUF[13]
    V16                  OBUF (Prop_obuf_I_O)         2.602     8.228 r  out_OBUF[13]_inst/O
                         net (fo=0)                   0.000     8.228    out[13]
    V16                                                               r  out[13] (OUT)
  -------------------------------------------------------------------    -------------------

Slack:                    inf
  Source:                 PStore/Q_reg[1]/C
                            (rising edge-triggered cell FDRE)
  Destination:            out[15]
                            (output port)
  Path Group:             (none)
  Path Type:              Max at Slow Process Corner
  Data Path Delay:        8.158ns  (logic 4.587ns (56.230%)  route 3.571ns (43.770%))
  Logic Levels:           8  (CARRY4=4 FDRE=1 LUT1=1 LUT3=1 OBUF=1)

    Location             Delay type                Incr(ns)  Path(ns)    Netlist Resource(s)
  -------------------------------------------------------------------    -------------------
    SLICE_X4Y15          FDRE                         0.000     0.000 r  PStore/Q_reg[1]/C
    SLICE_X4Y15          FDRE (Prop_fdre_C_Q)         0.419     0.419 f  PStore/Q_reg[1]/Q
                         net (fo=5, routed)           1.069     1.488    PStore/Q_reg[14]_0[0]
    SLICE_X2Y14          LUT1 (Prop_lut1_I0_O)        0.297     1.785 r  PStore/out_OBUF[4]_inst_i_7/O
                         net (fo=1, routed)           0.000     1.785    PStore/out_OBUF[4]_inst_i_7_n_0
    SLICE_X2Y14          CARRY4 (Prop_carry4_S[0]_CO[3])
                                                      0.513     2.298 r  PStore/out_OBUF[4]_inst_i_2/CO[3]
                         net (fo=1, routed)           0.000     2.298    PStore/out_OBUF[4]_inst_i_2_n_0
    SLICE_X2Y15          CARRY4 (Prop_carry4_CI_CO[3])
                                                      0.117     2.415 r  PStore/out_OBUF[8]_inst_i_2/CO[3]
                         net (fo=1, routed)           0.000     2.415    PStore/out_OBUF[8]_inst_i_2_n_0
    SLICE_X2Y16          CARRY4 (Prop_carry4_CI_CO[3])
                                                      0.117     2.532 r  PStore/out_OBUF[12]_inst_i_2/CO[3]
                         net (fo=1, routed)           0.000     2.532    PStore/out_OBUF[12]_inst_i_2_n_0
    SLICE_X2Y17          CARRY4 (Prop_carry4_CI_O[2])
                                                      0.239     2.771 r  PStore/ZN_flags_OBUF[0]_inst_i_2/O[2]
                         net (fo=3, routed)           0.814     3.585    PStore/ZN_flags_OBUF[0]_inst_i_2_n_5
    SLICE_X0Y16          LUT3 (Prop_lut3_I0_O)        0.301     3.886 r  PStore/out_OBUF[15]_inst_i_1/O
                         net (fo=1, routed)           1.688     5.574    out_OBUF[15]
    T15                  OBUF (Prop_obuf_I_O)         2.584     8.158 r  out_OBUF[15]_inst/O
                         net (fo=0)                   0.000     8.158    out[15]
    T15                                                               r  out[15] (OUT)
  -------------------------------------------------------------------    -------------------





Min Delay Paths
--------------------------------------------------------------------------------------
Slack:                    inf
  Source:                 AShift/Q_reg[4]/C
                            (rising edge-triggered cell FDRE)
  Destination:            AShift/Q_reg[5]/D
  Path Group:             (none)
  Path Type:              Min at Fast Process Corner
  Data Path Delay:        0.263ns  (logic 0.186ns (70.630%)  route 0.077ns (29.370%))
  Logic Levels:           2  (FDRE=1 LUT6=1)

    Location             Delay type                Incr(ns)  Path(ns)    Netlist Resource(s)
  -------------------------------------------------------------------    -------------------
    SLICE_X3Y19          FDRE                         0.000     0.000 r  AShift/Q_reg[4]/C
    SLICE_X3Y19          FDRE (Prop_fdre_C_Q)         0.141     0.141 r  AShift/Q_reg[4]/Q
                         net (fo=3, routed)           0.077     0.218    fsm/Q_reg[15][4]
    SLICE_X2Y19          LUT6 (Prop_lut6_I5_O)        0.045     0.263 r  fsm/Q[5]_i_1__0/O
                         net (fo=1, routed)           0.000     0.263    AShift/D[5]
    SLICE_X2Y19          FDRE                                         r  AShift/Q_reg[5]/D
  -------------------------------------------------------------------    -------------------

Slack:                    inf
  Source:                 BShift/Q_reg[1]/C
                            (rising edge-triggered cell FDRE)
  Destination:            BShift/Q_reg[0]/D
  Path Group:             (none)
  Path Type:              Min at Fast Process Corner
  Data Path Delay:        0.294ns  (logic 0.186ns (63.272%)  route 0.108ns (36.728%))
  Logic Levels:           2  (FDRE=1 LUT6=1)

    Location             Delay type                Incr(ns)  Path(ns)    Netlist Resource(s)
  -------------------------------------------------------------------    -------------------
    SLICE_X1Y25          FDRE                         0.000     0.000 r  BShift/Q_reg[1]/C
    SLICE_X1Y25          FDRE (Prop_fdre_C_Q)         0.141     0.141 r  BShift/Q_reg[1]/Q
                         net (fo=2, routed)           0.108     0.249    fsm/Q_reg[6][1]
    SLICE_X0Y25          LUT6 (Prop_lut6_I5_O)        0.045     0.294 r  fsm/Q[0]_i_1__1/O
                         net (fo=1, routed)           0.000     0.294    BShift/D[0]
    SLICE_X0Y25          FDRE                                         r  BShift/Q_reg[0]/D
  -------------------------------------------------------------------    -------------------

Slack:                    inf
  Source:                 fsm/FSM_onehot_currState_reg[2]/C
                            (rising edge-triggered cell FDCE)
  Destination:            fsm/FSM_onehot_currState_reg[3]/D
  Path Group:             (none)
  Path Type:              Min at Fast Process Corner
  Data Path Delay:        0.295ns  (logic 0.186ns (63.050%)  route 0.109ns (36.950%))
  Logic Levels:           2  (FDCE=1 LUT3=1)

    Location             Delay type                Incr(ns)  Path(ns)    Netlist Resource(s)
  -------------------------------------------------------------------    -------------------
    SLICE_X1Y24          FDCE                         0.000     0.000 r  fsm/FSM_onehot_currState_reg[2]/C
    SLICE_X1Y24          FDCE (Prop_fdce_C_Q)         0.141     0.141 r  fsm/FSM_onehot_currState_reg[2]/Q
                         net (fo=65, routed)          0.109     0.250    fsm/Q[1]
    SLICE_X0Y24          LUT3 (Prop_lut3_I2_O)        0.045     0.295 r  fsm/FSM_onehot_currState[3]_i_1/O
                         net (fo=1, routed)           0.000     0.295    fsm/FSM_onehot_currState[3]_i_1_n_0
    SLICE_X0Y24          FDCE                                         r  fsm/FSM_onehot_currState_reg[3]/D
  -------------------------------------------------------------------    -------------------

Slack:                    inf
  Source:                 fsm/FSM_onehot_currState_reg[5]/C
                            (rising edge-triggered cell FDCE)
  Destination:            fsm/FSM_onehot_currState_reg[6]/D
  Path Group:             (none)
  Path Type:              Min at Fast Process Corner
  Data Path Delay:        0.316ns  (logic 0.128ns (40.543%)  route 0.188ns (59.457%))
  Logic Levels:           1  (FDCE=1)

    Location             Delay type                Incr(ns)  Path(ns)    Netlist Resource(s)
  -------------------------------------------------------------------    -------------------
    SLICE_X0Y24          FDCE                         0.000     0.000 r  fsm/FSM_onehot_currState_reg[5]/C
    SLICE_X0Y24          FDCE (Prop_fdce_C_Q)         0.128     0.128 r  fsm/FSM_onehot_currState_reg[5]/Q
                         net (fo=48, routed)          0.188     0.316    fsm/FSM_onehot_currState_reg_n_0_[5]
    SLICE_X1Y24          FDCE                                         r  fsm/FSM_onehot_currState_reg[6]/D
  -------------------------------------------------------------------    -------------------

Slack:                    inf
  Source:                 fsm/FSM_onehot_currState_reg[6]/C
                            (rising edge-triggered cell FDCE)
  Destination:            fsm/FSM_onehot_currState_reg[7]/D
  Path Group:             (none)
  Path Type:              Min at Fast Process Corner
  Data Path Delay:        0.333ns  (logic 0.187ns (56.127%)  route 0.146ns (43.873%))
  Logic Levels:           2  (FDCE=1 LUT4=1)

    Location             Delay type                Incr(ns)  Path(ns)    Netlist Resource(s)
  -------------------------------------------------------------------    -------------------
    SLICE_X1Y24          FDCE                         0.000     0.000 r  fsm/FSM_onehot_currState_reg[6]/C
    SLICE_X1Y24          FDCE (Prop_fdce_C_Q)         0.141     0.141 r  fsm/FSM_onehot_currState_reg[6]/Q
                         net (fo=2, routed)           0.146     0.287    fsm/FSM_onehot_currState_reg_n_0_[6]
    SLICE_X0Y24          LUT4 (Prop_lut4_I1_O)        0.046     0.333 r  fsm/FSM_onehot_currState[7]_i_1/O
                         net (fo=1, routed)           0.000     0.333    fsm/FSM_onehot_currState[7]_i_1_n_0
    SLICE_X0Y24          FDCE                                         r  fsm/FSM_onehot_currState_reg[7]/D
  -------------------------------------------------------------------    -------------------

Slack:                    inf
  Source:                 BShift/Q_reg[3]/C
                            (rising edge-triggered cell FDRE)
  Destination:            BShift/Q_reg[2]/D
  Path Group:             (none)
  Path Type:              Min at Fast Process Corner
  Data Path Delay:        0.334ns  (logic 0.186ns (55.683%)  route 0.148ns (44.317%))
  Logic Levels:           2  (FDRE=1 LUT6=1)

    Location             Delay type                Incr(ns)  Path(ns)    Netlist Resource(s)
  -------------------------------------------------------------------    -------------------
    SLICE_X0Y25          FDRE                         0.000     0.000 r  BShift/Q_reg[3]/C
    SLICE_X0Y25          FDRE (Prop_fdre_C_Q)         0.141     0.141 r  BShift/Q_reg[3]/Q
                         net (fo=2, routed)           0.148     0.289    fsm/Q_reg[6][3]
    SLICE_X1Y25          LUT6 (Prop_lut6_I5_O)        0.045     0.334 r  fsm/Q[2]_i_1__1/O
                         net (fo=1, routed)           0.000     0.334    BShift/D[2]
    SLICE_X1Y25          FDRE                                         r  BShift/Q_reg[2]/D
  -------------------------------------------------------------------    -------------------

Slack:                    inf
  Source:                 fsm/FSM_onehot_currState_reg[3]/C
                            (rising edge-triggered cell FDCE)
  Destination:            fsm/FSM_onehot_currState_reg[5]/D
  Path Group:             (none)
  Path Type:              Min at Fast Process Corner
  Data Path Delay:        0.346ns  (logic 0.184ns (53.228%)  route 0.162ns (46.772%))
  Logic Levels:           2  (FDCE=1 LUT3=1)

    Location             Delay type                Incr(ns)  Path(ns)    Netlist Resource(s)
  -------------------------------------------------------------------    -------------------
    SLICE_X0Y24          FDCE                         0.000     0.000 r  fsm/FSM_onehot_currState_reg[3]/C
    SLICE_X0Y24          FDCE (Prop_fdce_C_Q)         0.141     0.141 r  fsm/FSM_onehot_currState_reg[3]/Q
                         net (fo=2, routed)           0.162     0.303    fsm/FSM_onehot_currState_reg_n_0_[3]
    SLICE_X0Y24          LUT3 (Prop_lut3_I1_O)        0.043     0.346 r  fsm/FSM_onehot_currState[5]_i_1/O
                         net (fo=1, routed)           0.000     0.346    fsm/FSM_onehot_currState[5]_i_1_n_0
    SLICE_X0Y24          FDCE                                         r  fsm/FSM_onehot_currState_reg[5]/D
  -------------------------------------------------------------------    -------------------

Slack:                    inf
  Source:                 fsm/FSM_onehot_currState_reg[3]/C
                            (rising edge-triggered cell FDCE)
  Destination:            fsm/FSM_onehot_currState_reg[4]/D
  Path Group:             (none)
  Path Type:              Min at Fast Process Corner
  Data Path Delay:        0.348ns  (logic 0.186ns (53.497%)  route 0.162ns (46.503%))
  Logic Levels:           2  (FDCE=1 LUT2=1)

    Location             Delay type                Incr(ns)  Path(ns)    Netlist Resource(s)
  -------------------------------------------------------------------    -------------------
    SLICE_X0Y24          FDCE                         0.000     0.000 r  fsm/FSM_onehot_currState_reg[3]/C
    SLICE_X0Y24          FDCE (Prop_fdce_C_Q)         0.141     0.141 r  fsm/FSM_onehot_currState_reg[3]/Q
                         net (fo=2, routed)           0.162     0.303    fsm/FSM_onehot_currState_reg_n_0_[3]
    SLICE_X0Y24          LUT2 (Prop_lut2_I0_O)        0.045     0.348 r  fsm/FSM_onehot_currState[4]_i_1/O
                         net (fo=1, routed)           0.000     0.348    fsm/FSM_onehot_currState[4]_i_1_n_0
    SLICE_X0Y24          FDCE                                         r  fsm/FSM_onehot_currState_reg[4]/D
  -------------------------------------------------------------------    -------------------

Slack:                    inf
  Source:                 AShift/Q_reg[9]/C
                            (rising edge-triggered cell FDRE)
  Destination:            AShift/Q_reg[9]/D
  Path Group:             (none)
  Path Type:              Min at Fast Process Corner
  Data Path Delay:        0.352ns  (logic 0.186ns (52.842%)  route 0.166ns (47.158%))
  Logic Levels:           2  (FDRE=1 LUT6=1)

    Location             Delay type                Incr(ns)  Path(ns)    Netlist Resource(s)
  -------------------------------------------------------------------    -------------------
    SLICE_X1Y17          FDRE                         0.000     0.000 r  AShift/Q_reg[9]/C
    SLICE_X1Y17          FDRE (Prop_fdre_C_Q)         0.141     0.141 r  AShift/Q_reg[9]/Q
                         net (fo=3, routed)           0.166     0.307    fsm/Q_reg[15][9]
    SLICE_X1Y17          LUT6 (Prop_lut6_I3_O)        0.045     0.352 r  fsm/Q[9]_i_1__0/O
                         net (fo=1, routed)           0.000     0.352    AShift/D[9]
    SLICE_X1Y17          FDRE                                         r  AShift/Q_reg[9]/D
  -------------------------------------------------------------------    -------------------

Slack:                    inf
  Source:                 BShift/Q_reg[1]/C
                            (rising edge-triggered cell FDRE)
  Destination:            BShift/Q_reg[1]/D
  Path Group:             (none)
  Path Type:              Min at Fast Process Corner
  Data Path Delay:        0.353ns  (logic 0.186ns (52.660%)  route 0.167ns (47.340%))
  Logic Levels:           2  (FDRE=1 LUT6=1)

    Location             Delay type                Incr(ns)  Path(ns)    Netlist Resource(s)
  -------------------------------------------------------------------    -------------------
    SLICE_X1Y25          FDRE                         0.000     0.000 r  BShift/Q_reg[1]/C
    SLICE_X1Y25          FDRE (Prop_fdre_C_Q)         0.141     0.141 r  BShift/Q_reg[1]/Q
                         net (fo=2, routed)           0.167     0.308    fsm/Q_reg[6][1]
    SLICE_X1Y25          LUT6 (Prop_lut6_I3_O)        0.045     0.353 r  fsm/Q[1]_i_1__1/O
                         net (fo=1, routed)           0.000     0.353    BShift/D[1]
    SLICE_X1Y25          FDRE                                         r  BShift/Q_reg[1]/D
  -------------------------------------------------------------------    -------------------





