
*** Running vivado
    with args -log Multiplier.vds -m64 -product Vivado -mode batch -messageDb vivado.pb -notrace -source Multiplier.tcl


****** Vivado v2024.2 (64-bit)
  **** SW Build 5239630 on Fri Nov 08 22:34:34 MST 2024
  **** IP Build 5239520 on Sun Nov 10 16:12:51 MST 2024
  **** SharedData Build 5239561 on Fri Nov 08 14:39:27 MST 2024
  **** Start of session at: Wed Apr 15 20:03:23 2026
    ** Copyright 1986-2022 Xilinx, Inc. All Rights Reserved.
    ** Copyright 2022-2024 Advanced Micro Devices, Inc. All Rights Reserved.

source Multiplier.tcl -notrace
create_project: Time (s): cpu = 00:00:20 ; elapsed = 00:00:29 . Memory (MB): peak = 1538.660 ; gain = 104.828 ; free physical = 6234 ; free virtual = 35861
Command: read_checkpoint -auto_incremental -incremental /afs/andrew.cmu.edu/usr21/eqian/private/18240/Lab5/Lab5_project1/Lab5_project1.srcs/utils_1/imports/synth_1/Multiplier.dcp
INFO: [Vivado 12-5825] Read reference checkpoint from /afs/andrew.cmu.edu/usr21/eqian/private/18240/Lab5/Lab5_project1/Lab5_project1.srcs/utils_1/imports/synth_1/Multiplier.dcp for incremental synthesis
INFO: [Vivado 12-7989] Please ensure there are no constraint changes
Command: synth_design -top Multiplier -part xc7s50csga324-1
Starting synth_design
Attempting to get a license for feature 'Synthesis' and/or device 'xc7s50'
INFO: [Common 17-349] Got license for feature 'Synthesis' and/or device 'xc7s50'
INFO: [Device 21-403] Loading part xc7s50csga324-1
INFO: [Designutils 20-5440] No compile time benefit to using incremental synthesis; A full resynthesis will be run
INFO: [Designutils 20-4379] Flow is switching to default flow due to incremental criteria not met. If you would like to alter this behaviour and have the flow terminate instead, please set the following parameter config_implementation {autoIncr.Synth.RejectBehavior Terminate}
INFO: [Synth 8-7079] Multithreading enabled for synth_design using a maximum of 7 processes.
INFO: [Synth 8-7078] Launching helper process for spawning children vivado processes
INFO: [Synth 8-7075] Helper process launched with PID 3084740
---------------------------------------------------------------------------------
Starting RTL Elaboration : Time (s): cpu = 00:00:25 ; elapsed = 00:00:29 . Memory (MB): peak = 2129.684 ; gain = 421.594 ; free physical = 5493 ; free virtual = 35137
---------------------------------------------------------------------------------
INFO: [Synth 8-6157] synthesizing module 'Multiplier' [/afs/andrew.cmu.edu/usr21/eqian/private/18240/Lab5/Multiplier.sv:4]
INFO: [Synth 8-6157] synthesizing module 'MultiplierFSM' [/afs/andrew.cmu.edu/usr21/eqian/private/18240/Lab5/Multiplier.sv:97]
INFO: [Synth 8-226] default block is never used [/afs/andrew.cmu.edu/usr21/eqian/private/18240/Lab5/Multiplier.sv:144]
INFO: [Synth 8-226] default block is never used [/afs/andrew.cmu.edu/usr21/eqian/private/18240/Lab5/Multiplier.sv:201]
INFO: [Synth 8-6155] done synthesizing module 'MultiplierFSM' (0#1) [/afs/andrew.cmu.edu/usr21/eqian/private/18240/Lab5/Multiplier.sv:97]
INFO: [Synth 8-6157] synthesizing module 'Counter' [/afs/andrew.cmu.edu/usr21/eqian/private/18240/Lab5/library.sv:141]
	Parameter WIDTH bound to: 16 - type: integer 
INFO: [Synth 8-6155] done synthesizing module 'Counter' (0#1) [/afs/andrew.cmu.edu/usr21/eqian/private/18240/Lab5/library.sv:141]
INFO: [Synth 8-6157] synthesizing module 'Comparator' [/afs/andrew.cmu.edu/usr21/eqian/private/18240/Lab5/library.sv:5]
	Parameter WIDTH bound to: 16 - type: integer 
INFO: [Synth 8-6155] done synthesizing module 'Comparator' (0#1) [/afs/andrew.cmu.edu/usr21/eqian/private/18240/Lab5/library.sv:5]
INFO: [Synth 8-6157] synthesizing module 'Adder' [/afs/andrew.cmu.edu/usr21/eqian/private/18240/Lab5/library.sv:33]
	Parameter WIDTH bound to: 16 - type: integer 
INFO: [Synth 8-6155] done synthesizing module 'Adder' (0#1) [/afs/andrew.cmu.edu/usr21/eqian/private/18240/Lab5/library.sv:33]
INFO: [Synth 8-6157] synthesizing module 'Mux2to1' [/afs/andrew.cmu.edu/usr21/eqian/private/18240/Lab5/library.sv:71]
	Parameter WIDTH bound to: 16 - type: integer 
INFO: [Synth 8-6155] done synthesizing module 'Mux2to1' (0#1) [/afs/andrew.cmu.edu/usr21/eqian/private/18240/Lab5/library.sv:71]
INFO: [Synth 8-6157] synthesizing module 'ShiftRegisterPIPO' [/afs/andrew.cmu.edu/usr21/eqian/private/18240/Lab5/library.sv:193]
	Parameter WIDTH bound to: 16 - type: integer 
INFO: [Synth 8-6155] done synthesizing module 'ShiftRegisterPIPO' (0#1) [/afs/andrew.cmu.edu/usr21/eqian/private/18240/Lab5/library.sv:193]
INFO: [Synth 8-6157] synthesizing module 'Register' [/afs/andrew.cmu.edu/usr21/eqian/private/18240/Lab5/library.sv:120]
	Parameter WIDTH bound to: 16 - type: integer 
INFO: [Synth 8-6155] done synthesizing module 'Register' (0#1) [/afs/andrew.cmu.edu/usr21/eqian/private/18240/Lab5/library.sv:120]
INFO: [Synth 8-6157] synthesizing module 'MagComp' [/afs/andrew.cmu.edu/usr21/eqian/private/18240/Lab5/library.sv:17]
	Parameter WIDTH bound to: 16 - type: integer 
INFO: [Synth 8-6155] done synthesizing module 'MagComp' (0#1) [/afs/andrew.cmu.edu/usr21/eqian/private/18240/Lab5/library.sv:17]
INFO: [Synth 8-6155] done synthesizing module 'Multiplier' (0#1) [/afs/andrew.cmu.edu/usr21/eqian/private/18240/Lab5/Multiplier.sv:4]
---------------------------------------------------------------------------------
Finished RTL Elaboration : Time (s): cpu = 00:00:29 ; elapsed = 00:00:36 . Memory (MB): peak = 2202.652 ; gain = 494.562 ; free physical = 5400 ; free virtual = 35042
---------------------------------------------------------------------------------
---------------------------------------------------------------------------------
Start Handling Custom Attributes
---------------------------------------------------------------------------------
---------------------------------------------------------------------------------
Finished Handling Custom Attributes : Time (s): cpu = 00:00:30 ; elapsed = 00:00:36 . Memory (MB): peak = 2220.465 ; gain = 512.375 ; free physical = 5397 ; free virtual = 35039
---------------------------------------------------------------------------------
---------------------------------------------------------------------------------
Finished RTL Optimization Phase 1 : Time (s): cpu = 00:00:30 ; elapsed = 00:00:36 . Memory (MB): peak = 2220.465 ; gain = 512.375 ; free physical = 5397 ; free virtual = 35039
---------------------------------------------------------------------------------
Netlist sorting complete. Time (s): cpu = 00:00:00 ; elapsed = 00:00:00.01 . Memory (MB): peak = 2220.465 ; gain = 0.000 ; free physical = 5397 ; free virtual = 35039
INFO: [Project 1-570] Preparing netlist for logic optimization

Processing XDC Constraints
Initializing timing engine
Parsing XDC File [/afs/andrew.cmu.edu/usr21/eqian/private/18240/Lab5/RISC240.xdc]
WARNING: [Vivado 12-584] No ports matched 'CLOCK_100'. [/afs/andrew.cmu.edu/usr21/eqian/private/18240/Lab5/RISC240.xdc:2]
CRITICAL WARNING: [Vivado 12-4739] create_clock:No valid object(s) found for '-objects [get_ports CLOCK_100]'. [/afs/andrew.cmu.edu/usr21/eqian/private/18240/Lab5/RISC240.xdc:2]
Resolution: Check if the specified object(s) exists in the current design. If it does, ensure that the correct design hierarchy was specified for the object. If you are working with clocks, make sure create_clock was used to create the clock object before it is referenced.
WARNING: [Vivado 12-584] No ports matched 'CLOCK_100'. [/afs/andrew.cmu.edu/usr21/eqian/private/18240/Lab5/RISC240.xdc:3]
WARNING: [Vivado 12-507] No nets matched 'BTN_IBUF[0]'. [/afs/andrew.cmu.edu/usr21/eqian/private/18240/Lab5/RISC240.xdc:6]
CRITICAL WARNING: [Common 17-55] 'set_property' expects at least one object. [/afs/andrew.cmu.edu/usr21/eqian/private/18240/Lab5/RISC240.xdc:6]
Resolution: If [get_<value>] was used to populate the object, check to make sure this command returns at least one valid object.
WARNING: [Vivado 12-584] No ports matched 'SW[0]'. [/afs/andrew.cmu.edu/usr21/eqian/private/18240/Lab5/RISC240.xdc:13]
WARNING: [Vivado 12-584] No ports matched 'SW[1]'. [/afs/andrew.cmu.edu/usr21/eqian/private/18240/Lab5/RISC240.xdc:14]
WARNING: [Vivado 12-584] No ports matched 'SW[2]'. [/afs/andrew.cmu.edu/usr21/eqian/private/18240/Lab5/RISC240.xdc:15]
WARNING: [Vivado 12-584] No ports matched 'SW[3]'. [/afs/andrew.cmu.edu/usr21/eqian/private/18240/Lab5/RISC240.xdc:16]
WARNING: [Vivado 12-584] No ports matched 'SW[4]'. [/afs/andrew.cmu.edu/usr21/eqian/private/18240/Lab5/RISC240.xdc:17]
WARNING: [Vivado 12-584] No ports matched 'SW[5]'. [/afs/andrew.cmu.edu/usr21/eqian/private/18240/Lab5/RISC240.xdc:18]
WARNING: [Vivado 12-584] No ports matched 'SW[6]'. [/afs/andrew.cmu.edu/usr21/eqian/private/18240/Lab5/RISC240.xdc:19]
WARNING: [Vivado 12-584] No ports matched 'SW[7]'. [/afs/andrew.cmu.edu/usr21/eqian/private/18240/Lab5/RISC240.xdc:20]
WARNING: [Vivado 12-584] No ports matched 'SW[8]'. [/afs/andrew.cmu.edu/usr21/eqian/private/18240/Lab5/RISC240.xdc:21]
WARNING: [Vivado 12-584] No ports matched 'SW[9]'. [/afs/andrew.cmu.edu/usr21/eqian/private/18240/Lab5/RISC240.xdc:22]
WARNING: [Vivado 12-584] No ports matched 'SW[10]'. [/afs/andrew.cmu.edu/usr21/eqian/private/18240/Lab5/RISC240.xdc:23]
WARNING: [Vivado 12-584] No ports matched 'SW[11]'. [/afs/andrew.cmu.edu/usr21/eqian/private/18240/Lab5/RISC240.xdc:24]
WARNING: [Vivado 12-584] No ports matched 'SW[12]'. [/afs/andrew.cmu.edu/usr21/eqian/private/18240/Lab5/RISC240.xdc:25]
WARNING: [Vivado 12-584] No ports matched 'SW[13]'. [/afs/andrew.cmu.edu/usr21/eqian/private/18240/Lab5/RISC240.xdc:26]
WARNING: [Vivado 12-584] No ports matched 'SW[14]'. [/afs/andrew.cmu.edu/usr21/eqian/private/18240/Lab5/RISC240.xdc:27]
WARNING: [Vivado 12-584] No ports matched 'SW[15]'. [/afs/andrew.cmu.edu/usr21/eqian/private/18240/Lab5/RISC240.xdc:28]
WARNING: [Vivado 12-584] No ports matched 'LD[0]'. [/afs/andrew.cmu.edu/usr21/eqian/private/18240/Lab5/RISC240.xdc:31]
WARNING: [Vivado 12-584] No ports matched 'LD[1]'. [/afs/andrew.cmu.edu/usr21/eqian/private/18240/Lab5/RISC240.xdc:32]
WARNING: [Vivado 12-584] No ports matched 'LD[2]'. [/afs/andrew.cmu.edu/usr21/eqian/private/18240/Lab5/RISC240.xdc:33]
WARNING: [Vivado 12-584] No ports matched 'LD[3]'. [/afs/andrew.cmu.edu/usr21/eqian/private/18240/Lab5/RISC240.xdc:34]
WARNING: [Vivado 12-584] No ports matched 'LD[4]'. [/afs/andrew.cmu.edu/usr21/eqian/private/18240/Lab5/RISC240.xdc:35]
WARNING: [Vivado 12-584] No ports matched 'LD[5]'. [/afs/andrew.cmu.edu/usr21/eqian/private/18240/Lab5/RISC240.xdc:36]
WARNING: [Vivado 12-584] No ports matched 'LD[6]'. [/afs/andrew.cmu.edu/usr21/eqian/private/18240/Lab5/RISC240.xdc:37]
WARNING: [Vivado 12-584] No ports matched 'LD[7]'. [/afs/andrew.cmu.edu/usr21/eqian/private/18240/Lab5/RISC240.xdc:38]
WARNING: [Vivado 12-584] No ports matched 'LD[8]'. [/afs/andrew.cmu.edu/usr21/eqian/private/18240/Lab5/RISC240.xdc:39]
WARNING: [Vivado 12-584] No ports matched 'LD[9]'. [/afs/andrew.cmu.edu/usr21/eqian/private/18240/Lab5/RISC240.xdc:40]
WARNING: [Vivado 12-584] No ports matched 'LD[10]'. [/afs/andrew.cmu.edu/usr21/eqian/private/18240/Lab5/RISC240.xdc:41]
WARNING: [Vivado 12-584] No ports matched 'LD[11]'. [/afs/andrew.cmu.edu/usr21/eqian/private/18240/Lab5/RISC240.xdc:42]
WARNING: [Vivado 12-584] No ports matched 'LD[12]'. [/afs/andrew.cmu.edu/usr21/eqian/private/18240/Lab5/RISC240.xdc:43]
WARNING: [Vivado 12-584] No ports matched 'LD[13]'. [/afs/andrew.cmu.edu/usr21/eqian/private/18240/Lab5/RISC240.xdc:44]
WARNING: [Vivado 12-584] No ports matched 'LD[14]'. [/afs/andrew.cmu.edu/usr21/eqian/private/18240/Lab5/RISC240.xdc:45]
WARNING: [Vivado 12-584] No ports matched 'LD[15]'. [/afs/andrew.cmu.edu/usr21/eqian/private/18240/Lab5/RISC240.xdc:46]
WARNING: [Vivado 12-584] No ports matched 'BTN[0]'. [/afs/andrew.cmu.edu/usr21/eqian/private/18240/Lab5/RISC240.xdc:49]
WARNING: [Vivado 12-584] No ports matched 'BTN[1]'. [/afs/andrew.cmu.edu/usr21/eqian/private/18240/Lab5/RISC240.xdc:50]
WARNING: [Vivado 12-584] No ports matched 'BTN[2]'. [/afs/andrew.cmu.edu/usr21/eqian/private/18240/Lab5/RISC240.xdc:51]
WARNING: [Vivado 12-584] No ports matched 'BTN[3]'. [/afs/andrew.cmu.edu/usr21/eqian/private/18240/Lab5/RISC240.xdc:52]
WARNING: [Vivado 12-584] No ports matched 'RGB0[0]'. [/afs/andrew.cmu.edu/usr21/eqian/private/18240/Lab5/RISC240.xdc:55]
WARNING: [Vivado 12-584] No ports matched 'RGB0[1]'. [/afs/andrew.cmu.edu/usr21/eqian/private/18240/Lab5/RISC240.xdc:56]
WARNING: [Vivado 12-584] No ports matched 'RGB0[2]'. [/afs/andrew.cmu.edu/usr21/eqian/private/18240/Lab5/RISC240.xdc:57]
WARNING: [Vivado 12-584] No ports matched 'RGB1[0]'. [/afs/andrew.cmu.edu/usr21/eqian/private/18240/Lab5/RISC240.xdc:58]
WARNING: [Vivado 12-584] No ports matched 'RGB1[1]'. [/afs/andrew.cmu.edu/usr21/eqian/private/18240/Lab5/RISC240.xdc:59]
WARNING: [Vivado 12-584] No ports matched 'RGB1[2]'. [/afs/andrew.cmu.edu/usr21/eqian/private/18240/Lab5/RISC240.xdc:60]
WARNING: [Vivado 12-584] No ports matched 'D1_AN[0]'. [/afs/andrew.cmu.edu/usr21/eqian/private/18240/Lab5/RISC240.xdc:63]
WARNING: [Vivado 12-584] No ports matched 'D1_AN[1]'. [/afs/andrew.cmu.edu/usr21/eqian/private/18240/Lab5/RISC240.xdc:64]
WARNING: [Vivado 12-584] No ports matched 'D1_AN[2]'. [/afs/andrew.cmu.edu/usr21/eqian/private/18240/Lab5/RISC240.xdc:65]
WARNING: [Vivado 12-584] No ports matched 'D1_AN[3]'. [/afs/andrew.cmu.edu/usr21/eqian/private/18240/Lab5/RISC240.xdc:66]
WARNING: [Vivado 12-584] No ports matched 'D1_SEG[0]'. [/afs/andrew.cmu.edu/usr21/eqian/private/18240/Lab5/RISC240.xdc:67]
WARNING: [Vivado 12-584] No ports matched 'D1_SEG[1]'. [/afs/andrew.cmu.edu/usr21/eqian/private/18240/Lab5/RISC240.xdc:68]
WARNING: [Vivado 12-584] No ports matched 'D1_SEG[2]'. [/afs/andrew.cmu.edu/usr21/eqian/private/18240/Lab5/RISC240.xdc:69]
WARNING: [Vivado 12-584] No ports matched 'D1_SEG[3]'. [/afs/andrew.cmu.edu/usr21/eqian/private/18240/Lab5/RISC240.xdc:70]
WARNING: [Vivado 12-584] No ports matched 'D1_SEG[4]'. [/afs/andrew.cmu.edu/usr21/eqian/private/18240/Lab5/RISC240.xdc:71]
WARNING: [Vivado 12-584] No ports matched 'D1_SEG[5]'. [/afs/andrew.cmu.edu/usr21/eqian/private/18240/Lab5/RISC240.xdc:72]
WARNING: [Vivado 12-584] No ports matched 'D1_SEG[6]'. [/afs/andrew.cmu.edu/usr21/eqian/private/18240/Lab5/RISC240.xdc:73]
WARNING: [Vivado 12-584] No ports matched 'D1_SEG[7]'. [/afs/andrew.cmu.edu/usr21/eqian/private/18240/Lab5/RISC240.xdc:74]
WARNING: [Vivado 12-584] No ports matched 'D2_AN[0]'. [/afs/andrew.cmu.edu/usr21/eqian/private/18240/Lab5/RISC240.xdc:77]
WARNING: [Vivado 12-584] No ports matched 'D2_AN[1]'. [/afs/andrew.cmu.edu/usr21/eqian/private/18240/Lab5/RISC240.xdc:78]
WARNING: [Vivado 12-584] No ports matched 'D2_AN[2]'. [/afs/andrew.cmu.edu/usr21/eqian/private/18240/Lab5/RISC240.xdc:79]
WARNING: [Vivado 12-584] No ports matched 'D2_AN[3]'. [/afs/andrew.cmu.edu/usr21/eqian/private/18240/Lab5/RISC240.xdc:80]
WARNING: [Vivado 12-584] No ports matched 'D2_SEG[0]'. [/afs/andrew.cmu.edu/usr21/eqian/private/18240/Lab5/RISC240.xdc:81]
WARNING: [Vivado 12-584] No ports matched 'D2_SEG[1]'. [/afs/andrew.cmu.edu/usr21/eqian/private/18240/Lab5/RISC240.xdc:82]
WARNING: [Vivado 12-584] No ports matched 'D2_SEG[2]'. [/afs/andrew.cmu.edu/usr21/eqian/private/18240/Lab5/RISC240.xdc:83]
WARNING: [Vivado 12-584] No ports matched 'D2_SEG[3]'. [/afs/andrew.cmu.edu/usr21/eqian/private/18240/Lab5/RISC240.xdc:84]
WARNING: [Vivado 12-584] No ports matched 'D2_SEG[4]'. [/afs/andrew.cmu.edu/usr21/eqian/private/18240/Lab5/RISC240.xdc:85]
WARNING: [Vivado 12-584] No ports matched 'D2_SEG[5]'. [/afs/andrew.cmu.edu/usr21/eqian/private/18240/Lab5/RISC240.xdc:86]
WARNING: [Vivado 12-584] No ports matched 'D2_SEG[6]'. [/afs/andrew.cmu.edu/usr21/eqian/private/18240/Lab5/RISC240.xdc:87]
WARNING: [Vivado 12-584] No ports matched 'D2_SEG[7]'. [/afs/andrew.cmu.edu/usr21/eqian/private/18240/Lab5/RISC240.xdc:88]
WARNING: [Vivado 12-584] No ports matched 'UART_RXD'. [/afs/andrew.cmu.edu/usr21/eqian/private/18240/Lab5/RISC240.xdc:91]
WARNING: [Vivado 12-584] No ports matched 'UART_TXD'. [/afs/andrew.cmu.edu/usr21/eqian/private/18240/Lab5/RISC240.xdc:92]
WARNING: [Vivado 12-584] No ports matched 'HDMI_CLOCK_N'. [/afs/andrew.cmu.edu/usr21/eqian/private/18240/Lab5/RISC240.xdc:95]
WARNING: [Vivado 12-584] No ports matched 'HDMI_CLOCK_P'. [/afs/andrew.cmu.edu/usr21/eqian/private/18240/Lab5/RISC240.xdc:96]
WARNING: [Vivado 12-584] No ports matched 'HDMI_TX_N[0]'. [/afs/andrew.cmu.edu/usr21/eqian/private/18240/Lab5/RISC240.xdc:98]
WARNING: [Vivado 12-584] No ports matched 'HDMI_TX_N[1]'. [/afs/andrew.cmu.edu/usr21/eqian/private/18240/Lab5/RISC240.xdc:99]
WARNING: [Vivado 12-584] No ports matched 'HDMI_TX_N[2]'. [/afs/andrew.cmu.edu/usr21/eqian/private/18240/Lab5/RISC240.xdc:100]
WARNING: [Vivado 12-584] No ports matched 'HDMI_TX_P[0]'. [/afs/andrew.cmu.edu/usr21/eqian/private/18240/Lab5/RISC240.xdc:102]
WARNING: [Vivado 12-584] No ports matched 'HDMI_TX_P[1]'. [/afs/andrew.cmu.edu/usr21/eqian/private/18240/Lab5/RISC240.xdc:103]
WARNING: [Vivado 12-584] No ports matched 'HDMI_TX_P[2]'. [/afs/andrew.cmu.edu/usr21/eqian/private/18240/Lab5/RISC240.xdc:104]
WARNING: [Vivado 12-584] No ports matched 'left_audio_out'. [/afs/andrew.cmu.edu/usr21/eqian/private/18240/Lab5/RISC240.xdc:107]
WARNING: [Vivado 12-584] No ports matched 'right_audio_out'. [/afs/andrew.cmu.edu/usr21/eqian/private/18240/Lab5/RISC240.xdc:108]
WARNING: [Vivado 12-584] No ports matched 'BLE_UART_TX'. [/afs/andrew.cmu.edu/usr21/eqian/private/18240/Lab5/RISC240.xdc:111]
WARNING: [Vivado 12-584] No ports matched 'BLE_UART_RX'. [/afs/andrew.cmu.edu/usr21/eqian/private/18240/Lab5/RISC240.xdc:112]
WARNING: [Vivado 12-584] No ports matched 'BLE_UART_RTS'. [/afs/andrew.cmu.edu/usr21/eqian/private/18240/Lab5/RISC240.xdc:113]
WARNING: [Vivado 12-584] No ports matched 'BLE_UART_CTS'. [/afs/andrew.cmu.edu/usr21/eqian/private/18240/Lab5/RISC240.xdc:114]
WARNING: [Vivado 12-584] No ports matched 'SERVO0'. [/afs/andrew.cmu.edu/usr21/eqian/private/18240/Lab5/RISC240.xdc:117]
WARNING: [Vivado 12-584] No ports matched 'SERVO1'. [/afs/andrew.cmu.edu/usr21/eqian/private/18240/Lab5/RISC240.xdc:118]
WARNING: [Vivado 12-584] No ports matched 'SERVO2'. [/afs/andrew.cmu.edu/usr21/eqian/private/18240/Lab5/RISC240.xdc:119]
WARNING: [Vivado 12-584] No ports matched 'SERVO3'. [/afs/andrew.cmu.edu/usr21/eqian/private/18240/Lab5/RISC240.xdc:120]
WARNING: [Vivado 12-584] No ports matched 'GPIO0[0]'. [/afs/andrew.cmu.edu/usr21/eqian/private/18240/Lab5/RISC240.xdc:123]
CRITICAL WARNING: [Common 17-55] 'set_property' expects at least one object. [/afs/andrew.cmu.edu/usr21/eqian/private/18240/Lab5/RISC240.xdc:123]
Resolution: If [get_<value>] was used to populate the object, check to make sure this command returns at least one valid object.
WARNING: [Vivado 12-584] No ports matched 'GPIO0[1]'. [/afs/andrew.cmu.edu/usr21/eqian/private/18240/Lab5/RISC240.xdc:124]
CRITICAL WARNING: [Common 17-55] 'set_property' expects at least one object. [/afs/andrew.cmu.edu/usr21/eqian/private/18240/Lab5/RISC240.xdc:124]
Resolution: If [get_<value>] was used to populate the object, check to make sure this command returns at least one valid object.
WARNING: [Vivado 12-584] No ports matched 'GPIO0[2]'. [/afs/andrew.cmu.edu/usr21/eqian/private/18240/Lab5/RISC240.xdc:125]
CRITICAL WARNING: [Common 17-55] 'set_property' expects at least one object. [/afs/andrew.cmu.edu/usr21/eqian/private/18240/Lab5/RISC240.xdc:125]
Resolution: If [get_<value>] was used to populate the object, check to make sure this command returns at least one valid object.
WARNING: [Vivado 12-584] No ports matched 'GPIO0[3]'. [/afs/andrew.cmu.edu/usr21/eqian/private/18240/Lab5/RISC240.xdc:126]
CRITICAL WARNING: [Common 17-55] 'set_property' expects at least one object. [/afs/andrew.cmu.edu/usr21/eqian/private/18240/Lab5/RISC240.xdc:126]
Resolution: If [get_<value>] was used to populate the object, check to make sure this command returns at least one valid object.
WARNING: [Vivado 12-584] No ports matched 'GPIO0[4]'. [/afs/andrew.cmu.edu/usr21/eqian/private/18240/Lab5/RISC240.xdc:127]
CRITICAL WARNING: [Common 17-55] 'set_property' expects at least one object. [/afs/andrew.cmu.edu/usr21/eqian/private/18240/Lab5/RISC240.xdc:127]
Resolution: If [get_<value>] was used to populate the object, check to make sure this command returns at least one valid object.
WARNING: [Vivado 12-584] No ports matched 'GPIO0[5]'. [/afs/andrew.cmu.edu/usr21/eqian/private/18240/Lab5/RISC240.xdc:128]
CRITICAL WARNING: [Common 17-55] 'set_property' expects at least one object. [/afs/andrew.cmu.edu/usr21/eqian/private/18240/Lab5/RISC240.xdc:128]
Resolution: If [get_<value>] was used to populate the object, check to make sure this command returns at least one valid object.
WARNING: [Vivado 12-584] No ports matched 'GPIO1[0]'. [/afs/andrew.cmu.edu/usr21/eqian/private/18240/Lab5/RISC240.xdc:131]
CRITICAL WARNING: [Common 17-55] 'set_property' expects at least one object. [/afs/andrew.cmu.edu/usr21/eqian/private/18240/Lab5/RISC240.xdc:131]
Resolution: If [get_<value>] was used to populate the object, check to make sure this command returns at least one valid object.
WARNING: [Vivado 12-584] No ports matched 'GPIO1[1]'. [/afs/andrew.cmu.edu/usr21/eqian/private/18240/Lab5/RISC240.xdc:132]
CRITICAL WARNING: [Common 17-55] 'set_property' expects at least one object. [/afs/andrew.cmu.edu/usr21/eqian/private/18240/Lab5/RISC240.xdc:132]
Resolution: If [get_<value>] was used to populate the object, check to make sure this command returns at least one valid object.
WARNING: [Vivado 12-584] No ports matched 'GPIO1[2]'. [/afs/andrew.cmu.edu/usr21/eqian/private/18240/Lab5/RISC240.xdc:133]
CRITICAL WARNING: [Common 17-55] 'set_property' expects at least one object. [/afs/andrew.cmu.edu/usr21/eqian/private/18240/Lab5/RISC240.xdc:133]
Resolution: If [get_<value>] was used to populate the object, check to make sure this command returns at least one valid object.
WARNING: [Vivado 12-584] No ports matched 'GPIO1[3]'. [/afs/andrew.cmu.edu/usr21/eqian/private/18240/Lab5/RISC240.xdc:134]
CRITICAL WARNING: [Common 17-55] 'set_property' expects at least one object. [/afs/andrew.cmu.edu/usr21/eqian/private/18240/Lab5/RISC240.xdc:134]
Resolution: If [get_<value>] was used to populate the object, check to make sure this command returns at least one valid object.
WARNING: [Vivado 12-584] No ports matched 'GPIO1[4]'. [/afs/andrew.cmu.edu/usr21/eqian/private/18240/Lab5/RISC240.xdc:135]
CRITICAL WARNING: [Common 17-55] 'set_property' expects at least one object. [/afs/andrew.cmu.edu/usr21/eqian/private/18240/Lab5/RISC240.xdc:135]
Resolution: If [get_<value>] was used to populate the object, check to make sure this command returns at least one valid object.
WARNING: [Vivado 12-584] No ports matched 'GPIO1[5]'. [/afs/andrew.cmu.edu/usr21/eqian/private/18240/Lab5/RISC240.xdc:136]
INFO: [Common 17-14] Message 'Vivado 12-584' appears 100 times and further instances of the messages will be disabled. Use the Tcl command set_msg_config to change the current settings. [/afs/andrew.cmu.edu/usr21/eqian/private/18240/Lab5/RISC240.xdc:136]
CRITICAL WARNING: [Common 17-55] 'set_property' expects at least one object. [/afs/andrew.cmu.edu/usr21/eqian/private/18240/Lab5/RISC240.xdc:136]
Resolution: If [get_<value>] was used to populate the object, check to make sure this command returns at least one valid object.
Finished Parsing XDC File [/afs/andrew.cmu.edu/usr21/eqian/private/18240/Lab5/RISC240.xdc]
Completed Processing XDC Constraints

Netlist sorting complete. Time (s): cpu = 00:00:00 ; elapsed = 00:00:00 . Memory (MB): peak = 2371.215 ; gain = 0.000 ; free physical = 5380 ; free virtual = 35031
INFO: [Project 1-111] Unisim Transformation Summary:
No Unisim elements were transformed.

Constraint Validation Runtime : Time (s): cpu = 00:00:00.01 ; elapsed = 00:00:00.04 . Memory (MB): peak = 2371.215 ; gain = 0.000 ; free physical = 5380 ; free virtual = 35031
INFO: [Designutils 20-5440] No compile time benefit to using incremental synthesis; A full resynthesis will be run
INFO: [Designutils 20-4379] Flow is switching to default flow due to incremental criteria not met. If you would like to alter this behaviour and have the flow terminate instead, please set the following parameter config_implementation {autoIncr.Synth.RejectBehavior Terminate}
---------------------------------------------------------------------------------
Finished Constraint Validation : Time (s): cpu = 00:01:01 ; elapsed = 00:01:10 . Memory (MB): peak = 2371.215 ; gain = 663.125 ; free physical = 5378 ; free virtual = 35030
---------------------------------------------------------------------------------
---------------------------------------------------------------------------------
Start Loading Part and Timing Information
---------------------------------------------------------------------------------
Loading part: xc7s50csga324-1
---------------------------------------------------------------------------------
Finished Loading Part and Timing Information : Time (s): cpu = 00:01:01 ; elapsed = 00:01:10 . Memory (MB): peak = 2379.219 ; gain = 671.129 ; free physical = 5378 ; free virtual = 35030
---------------------------------------------------------------------------------
---------------------------------------------------------------------------------
Start Applying 'set_property' XDC Constraints
---------------------------------------------------------------------------------
---------------------------------------------------------------------------------
Finished applying 'set_property' XDC Constraints : Time (s): cpu = 00:01:01 ; elapsed = 00:01:11 . Memory (MB): peak = 2379.219 ; gain = 671.129 ; free physical = 5378 ; free virtual = 35030
---------------------------------------------------------------------------------
INFO: [Synth 8-802] inferred FSM for state register 'currState_reg' in module 'MultiplierFSM'
---------------------------------------------------------------------------------------------------
                   State |                     New Encoding |                Previous Encoding 
---------------------------------------------------------------------------------------------------
                    IDLE |                         00000001 |                              000
                   CLEAR |                         00000010 |                              001
                    INIT |                         00000100 |                              010
                   CHECK |                         00001000 |                              011
                     ADD |                         00010000 |                              101
                   SHIFT |                         00100000 |                              100
                    EXIT |                         01000000 |                              110
                  FINISH |                         10000000 |                              111
---------------------------------------------------------------------------------------------------
INFO: [Synth 8-3354] encoded FSM with state register 'currState_reg' using encoding 'one-hot' in module 'MultiplierFSM'
---------------------------------------------------------------------------------
Finished RTL Optimization Phase 2 : Time (s): cpu = 00:01:02 ; elapsed = 00:01:13 . Memory (MB): peak = 2379.219 ; gain = 671.129 ; free physical = 5375 ; free virtual = 35029
---------------------------------------------------------------------------------
---------------------------------------------------------------------------------
Start RTL Component Statistics 
---------------------------------------------------------------------------------
Detailed RTL Component Info : 
+---Adders : 
	   3 Input   17 Bit       Adders := 3     
+---Registers : 
	               16 Bit    Registers := 3     
+---Muxes : 
	   2 Input   16 Bit        Muxes := 10    
	   8 Input    8 Bit        Muxes := 1     
	   2 Input    8 Bit        Muxes := 4     
	   8 Input    2 Bit        Muxes := 1     
	   8 Input    1 Bit        Muxes := 4     
---------------------------------------------------------------------------------
Finished RTL Component Statistics 
---------------------------------------------------------------------------------
---------------------------------------------------------------------------------
Start Part Resource Summary
---------------------------------------------------------------------------------
Part Resources:
DSPs: 120 (col length:60)
BRAMs: 150 (col length: RAMB18 60 RAMB36 30)
---------------------------------------------------------------------------------
Finished Part Resource Summary
---------------------------------------------------------------------------------
---------------------------------------------------------------------------------
Start Cross Boundary and Area Optimization
---------------------------------------------------------------------------------
WARNING: [Synth 8-7080] Parallel synthesis criteria is not met
---------------------------------------------------------------------------------
Finished Cross Boundary and Area Optimization : Time (s): cpu = 00:01:08 ; elapsed = 00:01:21 . Memory (MB): peak = 2379.219 ; gain = 671.129 ; free physical = 5348 ; free virtual = 35010
---------------------------------------------------------------------------------
---------------------------------------------------------------------------------
Start Applying XDC Timing Constraints
---------------------------------------------------------------------------------
---------------------------------------------------------------------------------
Finished Applying XDC Timing Constraints : Time (s): cpu = 00:01:21 ; elapsed = 00:01:36 . Memory (MB): peak = 2400.219 ; gain = 692.129 ; free physical = 5256 ; free virtual = 34925
---------------------------------------------------------------------------------
---------------------------------------------------------------------------------
Start Timing Optimization
---------------------------------------------------------------------------------
---------------------------------------------------------------------------------
Finished Timing Optimization : Time (s): cpu = 00:01:21 ; elapsed = 00:01:36 . Memory (MB): peak = 2400.219 ; gain = 692.129 ; free physical = 5256 ; free virtual = 34925
---------------------------------------------------------------------------------
---------------------------------------------------------------------------------
Start Technology Mapping
---------------------------------------------------------------------------------
---------------------------------------------------------------------------------
Finished Technology Mapping : Time (s): cpu = 00:01:21 ; elapsed = 00:01:36 . Memory (MB): peak = 2429.266 ; gain = 721.176 ; free physical = 5229 ; free virtual = 34898
---------------------------------------------------------------------------------
---------------------------------------------------------------------------------
Start IO Insertion
---------------------------------------------------------------------------------
---------------------------------------------------------------------------------
Start Flattening Before IO Insertion
---------------------------------------------------------------------------------
---------------------------------------------------------------------------------
Finished Flattening Before IO Insertion
---------------------------------------------------------------------------------
---------------------------------------------------------------------------------
Start Final Netlist Cleanup
---------------------------------------------------------------------------------
---------------------------------------------------------------------------------
Finished Final Netlist Cleanup
---------------------------------------------------------------------------------
---------------------------------------------------------------------------------
Finished IO Insertion : Time (s): cpu = 00:01:55 ; elapsed = 00:02:12 . Memory (MB): peak = 2572.078 ; gain = 863.988 ; free physical = 5107 ; free virtual = 34776
---------------------------------------------------------------------------------
---------------------------------------------------------------------------------
Start Renaming Generated Instances
---------------------------------------------------------------------------------
---------------------------------------------------------------------------------
Finished Renaming Generated Instances : Time (s): cpu = 00:01:55 ; elapsed = 00:02:12 . Memory (MB): peak = 2572.078 ; gain = 863.988 ; free physical = 5107 ; free virtual = 34776
---------------------------------------------------------------------------------
---------------------------------------------------------------------------------
Start Rebuilding User Hierarchy
---------------------------------------------------------------------------------
---------------------------------------------------------------------------------
Finished Rebuilding User Hierarchy : Time (s): cpu = 00:01:55 ; elapsed = 00:02:12 . Memory (MB): peak = 2572.078 ; gain = 863.988 ; free physical = 5107 ; free virtual = 34776
---------------------------------------------------------------------------------
---------------------------------------------------------------------------------
Start Renaming Generated Ports
---------------------------------------------------------------------------------
---------------------------------------------------------------------------------
Finished Renaming Generated Ports : Time (s): cpu = 00:01:55 ; elapsed = 00:02:12 . Memory (MB): peak = 2572.078 ; gain = 863.988 ; free physical = 5107 ; free virtual = 34776
---------------------------------------------------------------------------------
---------------------------------------------------------------------------------
Start Handling Custom Attributes
---------------------------------------------------------------------------------
---------------------------------------------------------------------------------
Finished Handling Custom Attributes : Time (s): cpu = 00:01:55 ; elapsed = 00:02:12 . Memory (MB): peak = 2572.078 ; gain = 863.988 ; free physical = 5106 ; free virtual = 34775
---------------------------------------------------------------------------------
---------------------------------------------------------------------------------
Start Renaming Generated Nets
---------------------------------------------------------------------------------
---------------------------------------------------------------------------------
Finished Renaming Generated Nets : Time (s): cpu = 00:01:55 ; elapsed = 00:02:12 . Memory (MB): peak = 2572.078 ; gain = 863.988 ; free physical = 5106 ; free virtual = 34775
---------------------------------------------------------------------------------
---------------------------------------------------------------------------------
Start Writing Synthesis Report
---------------------------------------------------------------------------------

Report BlackBoxes: 
+-+--------------+----------+
| |BlackBox name |Instances |
+-+--------------+----------+
+-+--------------+----------+

Report Cell Usage: 
+------+-------+------+
|      |Cell   |Count |
+------+-------+------+
|1     |BUFG   |     1|
|2     |CARRY4 |    12|
|3     |LUT1   |    31|
|4     |LUT2   |    38|
|5     |LUT3   |    35|
|6     |LUT4   |     5|
|7     |LUT5   |     3|
|8     |LUT6   |    38|
|9     |FDCE   |     7|
|10    |FDPE   |     1|
|11    |FDRE   |    56|
|12    |IBUF   |    19|
|13    |OBUF   |    19|
+------+-------+------+
---------------------------------------------------------------------------------
Finished Writing Synthesis Report : Time (s): cpu = 00:01:55 ; elapsed = 00:02:12 . Memory (MB): peak = 2572.078 ; gain = 863.988 ; free physical = 5106 ; free virtual = 34775
---------------------------------------------------------------------------------
Synthesis finished with 0 errors, 0 critical warnings and 1 warnings.
Synthesis Optimization Runtime : Time (s): cpu = 00:01:52 ; elapsed = 00:02:08 . Memory (MB): peak = 2572.078 ; gain = 713.238 ; free physical = 5106 ; free virtual = 34775
Synthesis Optimization Complete : Time (s): cpu = 00:01:56 ; elapsed = 00:02:13 . Memory (MB): peak = 2572.086 ; gain = 863.988 ; free physical = 5106 ; free virtual = 34775
INFO: [Project 1-571] Translating synthesized netlist
Netlist sorting complete. Time (s): cpu = 00:00:00 ; elapsed = 00:00:00 . Memory (MB): peak = 2572.086 ; gain = 0.000 ; free physical = 5106 ; free virtual = 34775
INFO: [Netlist 29-17] Analyzing 12 Unisim elements for replacement
INFO: [Netlist 29-28] Unisim Transformation completed in 0 CPU seconds
INFO: [Project 1-570] Preparing netlist for logic optimization
INFO: [Opt 31-138] Pushed 0 inverter(s) to 0 load pin(s).
Netlist sorting complete. Time (s): cpu = 00:00:00 ; elapsed = 00:00:00 . Memory (MB): peak = 2628.105 ; gain = 0.000 ; free physical = 5135 ; free virtual = 34804
INFO: [Project 1-111] Unisim Transformation Summary:
No Unisim elements were transformed.

Synth Design complete | Checksum: fa6d9949
INFO: [Common 17-83] Releasing license: Synthesis
43 Infos, 102 Warnings, 14 Critical Warnings and 0 Errors encountered.
synth_design completed successfully
synth_design: Time (s): cpu = 00:02:13 ; elapsed = 00:02:31 . Memory (MB): peak = 2628.105 ; gain = 1085.477 ; free physical = 5263 ; free virtual = 34931
INFO: [Common 17-2834] synth_design peak Physical Memory [PSS] (MB): overall = 1883.222; main = 1695.743; forked = 251.505
INFO: [Common 17-2834] synth_design peak Virtual Memory [VSS] (MB): overall = 3464.203; main = 2628.109; forked = 940.934
INFO: [runtcl-6] Synthesis results are not added to the cache due to CRITICAL_WARNING
Write ShapeDB Complete: Time (s): cpu = 00:00:00 ; elapsed = 00:00:00.02 . Memory (MB): peak = 2652.117 ; gain = 0.000 ; free physical = 5258 ; free virtual = 34927
INFO: [Common 17-1381] The checkpoint '/afs/andrew.cmu.edu/usr21/eqian/private/18240/Lab5/Lab5_project1/Lab5_project1.runs/synth_1/Multiplier.dcp' has been generated.
INFO: [Vivado 12-24828] Executing command : report_utilization -file Multiplier_utilization_synth.rpt -pb Multiplier_utilization_synth.pb
INFO: [Common 17-206] Exiting Vivado at Wed Apr 15 20:08:07 2026...
